2026-03-15 22:43:49.989 [info] [main] Log level: Info
2026-03-15 22:43:49.989 [info] [main] Validating found git in: "git"
2026-03-15 22:43:49.989 [info] [main] Using git "2.53.0" from "git"
2026-03-15 22:43:49.989 [info] [Model][doInitialScan] Initial repository scan started
2026-03-15 22:43:49.989 [info] > git rev-parse --show-toplevel [73ms]
2026-03-15 22:43:49.989 [info] > git rev-parse --git-dir --git-common-dir --show-superproject-working-tree [39ms]
2026-03-15 22:43:50.096 [info] [Model][openRepository] Opened repository (path): /home/pedro/.config
2026-03-15 22:43:50.096 [info] [Model][openRepository] Opened repository (real path): /home/pedro/.config
2026-03-15 22:43:50.096 [info] [Model][openRepository] Opened repository (kind): repository
2026-03-15 22:43:50.102 [info] [Model][doInitialScan] Initial repository scan completed - repositories (1), closed repositories (0), parent repositories (0), unsafe repositories (0)
2026-03-15 22:43:50.115 [info] > git config --get commit.template [3ms]
2026-03-15 22:43:50.129 [info] > git for-each-ref --format=%(refname)%00%(upstream:short)%00%(objectname)%00%(upstream:track)%00%(upstream:remotename)%00%(upstream:remoteref) refs/heads/main refs/remotes/main [6ms]
2026-03-15 22:43:50.159 [info] > git for-each-ref --sort -committerdate --format %(refname)%00%(objectname)%00%(*objectname) [4ms]
2026-03-15 22:43:50.405 [info] > git status -z -uall [266ms]
2026-03-15 22:43:50.461 [info] > git for-each-ref --format=%(refname)%00%(upstream:short)%00%(objectname)%00%(upstream:track)%00%(upstream:remotename)%00%(upstream:remoteref) refs/heads/main refs/remotes/main [13ms]
2026-03-15 22:43:50.470 [info] > git config --get --local branch.main.vscode-merge-base [6ms]
2026-03-15 22:43:50.470 [warning] [Git][config] git config failed: Failed to execute git
2026-03-15 22:43:50.474 [info] > git config --get commit.template [21ms]
2026-03-15 22:43:50.484 [info] > git reflog main --grep-reflog=branch: Created from *. [10ms]
2026-03-15 22:43:50.490 [info] > git for-each-ref --format=%(refname)%00%(upstream:short)%00%(objectname)%00%(upstream:track)%00%(upstream:remotename)%00%(upstream:remoteref) refs/heads/main refs/remotes/main [7ms]
2026-03-15 22:43:50.491 [info] > git symbolic-ref --short refs/remotes/origin/HEAD [2ms]
2026-03-15 22:43:50.491 [info] fatal: ref refs/remotes/origin/HEAD is not a symbolic ref
2026-03-15 22:43:50.491 [warning] [Repository][getDefaultBranch] Failed to get default branch details: Failed to execute git.
2026-03-15 22:43:50.498 [info] > git merge-base refs/heads/main refs/remotes/origin/main [2ms]
2026-03-15 22:43:50.578 [info] > git for-each-ref --sort -committerdate --format %(refname)%00%(objectname)%00%(*objectname) [65ms]
2026-03-15 22:43:50.578 [info] > git diff --raw --numstat --diff-filter=ADMR -z --find-renames=50% 4d389f53dcdc8efcb348df8e2af4d023c643b7bd...refs/remotes/origin/main -- [75ms]
2026-03-15 22:43:50.648 [info] > git status -z -uall [140ms]
2026-03-15 22:43:50.697 [info] > git check-ignore -v -z --stdin [3ms]
2026-03-15 22:44:04.029 [info] > git check-ignore -v -z --stdin [12ms]
2026-03-15 22:44:13.142 [info] > git config --get commit.template [8ms]
2026-03-15 22:44:13.144 [info] > git for-each-ref --format=%(refname)%00%(upstream:short)%00%(objectname)%00%(upstream:track)%00%(upstream:remotename)%00%(upstream:remoteref) refs/heads/main refs/remotes/main [3ms]
2026-03-15 22:44:13.156 [info] > git for-each-ref --sort -committerdate --format %(refname)%00%(objectname)%00%(*objectname) [2ms]
2026-03-15 22:44:13.260 [info] > git status -z -uall [111ms]
2026-03-15 22:44:18.289 [info] > git config --get commit.template [5ms]
2026-03-15 22:44:18.290 [info] > git for-each-ref --format=%(refname)%00%(upstream:short)%00%(objectname)%00%(upstream:track)%00%(upstream:remotename)%00%(upstream:remoteref) refs/heads/main refs/remotes/main [2ms]
2026-03-15 22:44:18.305 [info] > git for-each-ref --sort -committerdate --format %(refname)%00%(objectname)%00%(*objectname) [4ms]
2026-03-15 22:44:18.428 [info] > git status -z -uall [133ms]
2026-03-15 22:44:23.478 [info] > git config --get commit.template [16ms]
2026-03-15 22:44:23.482 [info] > git for-each-ref --format=%(refname)%00%(upstream:short)%00%(objectname)%00%(upstream:track)%00%(upstream:remotename)%00%(upstream:remoteref) refs/heads/main refs/remotes/main [6ms]
2026-03-15 22:44:23.521 [info] > git for-each-ref --sort -committerdate --format %(refname)%00%(objectname)%00%(*objectname) [7ms]
2026-03-15 22:44:23.647 [info] > git status -z -uall [153ms]
2026-03-15 22:44:33.927 [info] > git config --get commit.template [2ms]
2026-03-15 22:44:33.941 [info] > git for-each-ref --format=%(refname)%00%(upstream:short)%00%(objectname)%00%(upstream:track)%00%(upstream:remotename)%00%(upstream:remoteref) refs/heads/main refs/remotes/main [4ms]
2026-03-15 22:44:33.957 [info] > git for-each-ref --sort -committerdate --format %(refname)%00%(objectname)%00%(*objectname) [3ms]
2026-03-15 22:44:34.063 [info] > git status -z -uall [116ms]
2026-03-15 22:46:01.496 [info] > git config --get commit.template [9ms]
2026-03-15 22:46:01.497 [info] > git for-each-ref --format=%(refname)%00%(upstream:short)%00%(objectname)%00%(upstream:track)%00%(upstream:remotename)%00%(upstream:remoteref) refs/heads/main refs/remotes/main [2ms]
2026-03-15 22:46:01.522 [info] > git for-each-ref --sort -committerdate --format %(refname)%00%(objectname)%00%(*objectname) [3ms]
2026-03-15 22:46:01.634 [info] > git status -z -uall [130ms]
2026-03-15 22:46:06.665 [info] > git config --get commit.template [5ms]
2026-03-15 22:46:06.666 [info] > git for-each-ref --format=%(refname)%00%(upstream:short)%00%(objectname)%00%(upstream:track)%00%(upstream:remotename)%00%(upstream:remoteref) refs/heads/main refs/remotes/main [1ms]
2026-03-15 22:46:06.676 [info] > git for-each-ref --sort -committerdate --format %(refname)%00%(objectname)%00%(*objectname) [3ms]
2026-03-15 22:46:06.756 [info] > git status -z -uall [87ms]
2026-03-15 22:46:12.382 [info] > git config --get commit.template [9ms]
2026-03-15 22:46:12.383 [info] > git for-each-ref --format=%(refname)%00%(upstream:short)%00%(objectname)%00%(upstream:track)%00%(upstream:remotename)%00%(upstream:remoteref) refs/heads/main refs/remotes/main [3ms]
2026-03-15 22:46:12.400 [info] > git for-each-ref --sort -committerdate --format %(refname)%00%(objectname)%00%(*objectname) [2ms]
2026-03-15 22:46:12.487 [info] > git status -z -uall [99ms]
