2026-03-15 10:33:45.025 [info] [main] Log level: Info
2026-03-15 10:33:45.025 [info] [main] Validating found git in: "git"
2026-03-15 10:33:45.025 [info] [main] Using git "2.53.0" from "git"
2026-03-15 10:33:45.025 [info] [Model][doInitialScan] Initial repository scan started
2026-03-15 10:33:45.025 [info] > git rev-parse --show-toplevel [12ms]
2026-03-15 10:33:45.025 [info] > git rev-parse --git-dir --git-common-dir --show-superproject-working-tree [14ms]
2026-03-15 10:33:45.025 [info] [Model][openRepository] Opened repository (path): /home/pedro/.config
2026-03-15 10:33:45.025 [info] [Model][openRepository] Opened repository (real path): /home/pedro/.config
2026-03-15 10:33:45.025 [info] [Model][openRepository] Opened repository (kind): repository
2026-03-15 10:33:45.025 [info] [Model][doInitialScan] Initial repository scan completed - repositories (1), closed repositories (0), parent repositories (0), unsafe repositories (0)
2026-03-15 10:33:45.025 [info] > git config --get commit.template [35ms]
2026-03-15 10:33:45.082 [info] > git for-each-ref --format=%(refname)%00%(upstream:short)%00%(objectname)%00%(upstream:track)%00%(upstream:remotename)%00%(upstream:remoteref) refs/heads/main refs/remotes/main [60ms]
2026-03-15 10:33:45.139 [info] > git for-each-ref --sort -committerdate --format %(refname)%00%(objectname)%00%(*objectname) [9ms]
2026-03-15 10:33:45.478 [info] > git status -z -uall [355ms]
2026-03-15 10:33:45.563 [info] > git check-ignore -v -z --stdin [9ms]
2026-03-15 10:33:45.564 [info] > git for-each-ref --format=%(refname)%00%(upstream:short)%00%(objectname)%00%(upstream:track)%00%(upstream:remotename)%00%(upstream:remoteref) refs/heads/main refs/remotes/main [27ms]
2026-03-15 10:33:45.570 [info] > git config --get commit.template [8ms]
2026-03-15 10:33:45.571 [info] > git config --get --local branch.main.vscode-merge-base [4ms]
2026-03-15 10:33:45.572 [warning] [Git][config] git config failed: Failed to execute git
2026-03-15 10:33:45.583 [info] > git reflog main --grep-reflog=branch: Created from *. [5ms]
2026-03-15 10:33:45.646 [info] > git symbolic-ref --short refs/remotes/origin/HEAD [57ms]
2026-03-15 10:33:45.646 [info] fatal: ref refs/remotes/origin/HEAD is not a symbolic ref
2026-03-15 10:33:45.646 [warning] [Repository][getDefaultBranch] Failed to get default branch details: Failed to execute git.
2026-03-15 10:33:45.654 [info] > git for-each-ref --format=%(refname)%00%(upstream:short)%00%(objectname)%00%(upstream:track)%00%(upstream:remotename)%00%(upstream:remoteref) refs/heads/main refs/remotes/main [72ms]
2026-03-15 10:33:45.659 [info] > git merge-base refs/heads/main refs/remotes/origin/main [6ms]
2026-03-15 10:33:45.682 [info] > git diff --raw --numstat --diff-filter=ADMR -z --find-renames=50% 4d389f53dcdc8efcb348df8e2af4d023c643b7bd...refs/remotes/origin/main -- [16ms]
2026-03-15 10:33:45.685 [info] > git for-each-ref --sort -committerdate --format %(refname)%00%(objectname)%00%(*objectname) [4ms]
2026-03-15 10:33:45.799 [info] > git status -z -uall [123ms]
2026-03-15 10:33:48.572 [info] > git config --get commit.template [2ms]
2026-03-15 10:33:48.580 [info] > git for-each-ref --format=%(refname)%00%(upstream:short)%00%(objectname)%00%(upstream:track)%00%(upstream:remotename)%00%(upstream:remoteref) refs/heads/main refs/remotes/main [2ms]
2026-03-15 10:33:48.592 [info] > git for-each-ref --sort -committerdate --format %(refname)%00%(objectname)%00%(*objectname) [2ms]
2026-03-15 10:33:48.681 [info] > git status -z -uall [96ms]
2026-03-15 10:33:53.701 [info] > git config --get commit.template [6ms]
2026-03-15 10:33:53.704 [info] > git for-each-ref --format=%(refname)%00%(upstream:short)%00%(objectname)%00%(upstream:track)%00%(upstream:remotename)%00%(upstream:remoteref) refs/heads/main refs/remotes/main [4ms]
2026-03-15 10:33:53.724 [info] > git for-each-ref --sort -committerdate --format %(refname)%00%(objectname)%00%(*objectname) [4ms]
2026-03-15 10:33:53.819 [info] > git status -z -uall [110ms]
2026-03-15 10:33:58.863 [info] > git config --get commit.template [17ms]
2026-03-15 10:33:58.866 [info] > git for-each-ref --format=%(refname)%00%(upstream:short)%00%(objectname)%00%(upstream:track)%00%(upstream:remotename)%00%(upstream:remoteref) refs/heads/main refs/remotes/main [7ms]
2026-03-15 10:33:58.905 [info] > git for-each-ref --sort -committerdate --format %(refname)%00%(objectname)%00%(*objectname) [3ms]
2026-03-15 10:33:59.001 [info] > git status -z -uall [121ms]
2026-03-15 10:34:04.024 [info] > git config --get commit.template [6ms]
2026-03-15 10:34:04.025 [info] > git for-each-ref --format=%(refname)%00%(upstream:short)%00%(objectname)%00%(upstream:track)%00%(upstream:remotename)%00%(upstream:remoteref) refs/heads/main refs/remotes/main [2ms]
2026-03-15 10:34:04.035 [info] > git for-each-ref --sort -committerdate --format %(refname)%00%(objectname)%00%(*objectname) [1ms]
2026-03-15 10:34:04.122 [info] > git status -z -uall [93ms]
2026-03-15 10:34:09.164 [info] > git config --get commit.template [15ms]
2026-03-15 10:34:09.168 [info] > git for-each-ref --format=%(refname)%00%(upstream:short)%00%(objectname)%00%(upstream:track)%00%(upstream:remotename)%00%(upstream:remoteref) refs/heads/main refs/remotes/main [6ms]
2026-03-15 10:34:09.202 [info] > git for-each-ref --sort -committerdate --format %(refname)%00%(objectname)%00%(*objectname) [7ms]
2026-03-15 10:34:09.387 [info] > git status -z -uall [207ms]
