2026-03-15 22:47:27.766 [info] Extension host with pid 1938 started
2026-03-15 22:47:28.717 [info] ExtensionService#_doActivateExtension vscode.github-authentication, startup: false, activationEvent: 'onAuthenticationRequest:github'
2026-03-15 22:47:28.775 [info] ExtensionService#_doActivateExtension vscode.emmet, startup: false, activationEvent: 'onLanguage'
2026-03-15 22:47:30.267 [info] ExtensionService#_doActivateExtension vscode.git-base, startup: true, activationEvent: '*', root cause: vscode.git
2026-03-15 22:47:30.875 [info] ExtensionService#_doActivateExtension vscode.git, startup: true, activationEvent: '*'
2026-03-15 22:47:30.946 [info] ExtensionService#_doActivateExtension vscode.github, startup: true, activationEvent: '*'
2026-03-15 22:47:31.211 [info] Eager extensions activated
2026-03-15 22:47:31.437 [info] ExtensionService#_doActivateExtension vscode.debug-auto-launch, startup: false, activationEvent: 'onStartupFinished'
2026-03-15 22:47:31.446 [info] ExtensionService#_doActivateExtension vscode.merge-conflict, startup: false, activationEvent: 'onStartupFinished'
2026-03-15 22:47:32.011 [warning] [Decorations] CAPPING events from decorations provider vscode.git 595
2026-03-15 22:47:33.582 [warning] [Decorations] CAPPING events from decorations provider vscode.git 600
2026-03-15 22:47:41.640 [info] ExtensionService#_doActivateExtension vscode.configuration-editing, startup: false, activationEvent: 'onLanguage:jsonc'
2026-03-15 22:47:41.653 [info] ExtensionService#_doActivateExtension vscode.json-language-features, startup: false, activationEvent: 'onLanguage:jsonc'
2026-03-15 22:47:41.820 [info] ExtensionService#_doActivateExtension vscode.typescript-language-features, startup: false, activationEvent: 'onLanguage:jsonc'
2026-03-15 22:57:50.694 [warning] [Decorations] CAPPING events from decorations provider vscode.git 607
2026-03-15 22:58:09.982 [warning] [Decorations] CAPPING events from decorations provider vscode.git 598
2026-03-15 22:58:15.142 [warning] [Decorations] CAPPING events from decorations provider vscode.git 598
2026-03-15 22:58:20.307 [warning] [Decorations] CAPPING events from decorations provider vscode.git 598
2026-03-15 22:58:25.484 [warning] [Decorations] CAPPING events from decorations provider vscode.git 598
2026-03-15 22:58:35.095 [warning] [Decorations] CAPPING events from decorations provider vscode.git 599
2026-03-15 22:58:40.253 [warning] [Decorations] CAPPING events from decorations provider vscode.git 599
2026-03-15 22:58:45.405 [warning] [Decorations] CAPPING events from decorations provider vscode.git 599
2026-03-15 22:58:50.568 [warning] [Decorations] CAPPING events from decorations provider vscode.git 599
2026-03-15 22:58:55.727 [warning] [Decorations] CAPPING events from decorations provider vscode.git 599
2026-03-15 22:59:00.945 [warning] [Decorations] CAPPING events from decorations provider vscode.git 599
2026-03-15 22:59:06.117 [warning] [Decorations] CAPPING events from decorations provider vscode.git 601
2026-03-15 22:59:14.396 [warning] [Decorations] CAPPING events from decorations provider vscode.git 600
2026-03-15 22:59:19.529 [warning] [Decorations] CAPPING events from decorations provider vscode.git 600
2026-03-15 22:59:24.687 [warning] [Decorations] CAPPING events from decorations provider vscode.git 600
2026-03-15 22:59:29.850 [warning] [Decorations] CAPPING events from decorations provider vscode.git 601
2026-03-15 22:59:34.976 [warning] [Decorations] CAPPING events from decorations provider vscode.git 601
2026-03-15 22:59:40.100 [warning] [Decorations] CAPPING events from decorations provider vscode.git 601
2026-03-15 22:59:45.239 [warning] [Decorations] CAPPING events from decorations provider vscode.git 601
2026-03-15 22:59:50.365 [warning] [Decorations] CAPPING events from decorations provider vscode.git 601
2026-03-15 22:59:55.531 [warning] [Decorations] CAPPING events from decorations provider vscode.git 602
2026-03-15 23:00:00.680 [warning] [Decorations] CAPPING events from decorations provider vscode.git 599
2026-03-15 23:00:05.830 [warning] [Decorations] CAPPING events from decorations provider vscode.git 599
2026-03-15 23:00:10.981 [warning] [Decorations] CAPPING events from decorations provider vscode.git 599
2026-03-15 23:00:16.148 [warning] [Decorations] CAPPING events from decorations provider vscode.git 599
2026-03-15 23:00:32.651 [warning] [Decorations] CAPPING events from decorations provider vscode.git 603
2026-03-15 23:00:54.199 [warning] [Decorations] CAPPING events from decorations provider vscode.git 605
2026-03-15 23:11:30.920 [warning] [Decorations] CAPPING events from decorations provider vscode.git 606
2026-03-15 23:11:36.138 [warning] [Decorations] CAPPING events from decorations provider vscode.git 603
2026-03-15 23:11:41.289 [warning] [Decorations] CAPPING events from decorations provider vscode.git 603
2026-03-15 23:11:46.445 [warning] [Decorations] CAPPING events from decorations provider vscode.git 603
2026-03-15 23:11:51.613 [warning] [Decorations] CAPPING events from decorations provider vscode.git 603
2026-03-15 23:11:56.734 [warning] [Decorations] CAPPING events from decorations provider vscode.git 603
2026-03-15 23:12:13.668 [warning] [Decorations] CAPPING events from decorations provider vscode.git 601
2026-03-15 23:12:18.821 [warning] [Decorations] CAPPING events from decorations provider vscode.git 601
2026-03-15 23:12:24.048 [warning] [Decorations] CAPPING events from decorations provider vscode.git 601
2026-03-15 23:12:29.208 [warning] [Decorations] CAPPING events from decorations provider vscode.git 603
2026-03-15 23:12:34.362 [warning] [Decorations] CAPPING events from decorations provider vscode.git 603
2026-03-15 23:12:39.530 [warning] [Decorations] CAPPING events from decorations provider vscode.git 603
2026-03-15 23:12:44.697 [warning] [Decorations] CAPPING events from decorations provider vscode.git 603
2026-03-15 23:12:49.845 [warning] [Decorations] CAPPING events from decorations provider vscode.git 603
2026-03-15 23:12:55.022 [warning] [Decorations] CAPPING events from decorations provider vscode.git 603
2026-03-15 23:13:00.176 [warning] [Decorations] CAPPING events from decorations provider vscode.git 604
2026-03-15 23:13:05.340 [warning] [Decorations] CAPPING events from decorations provider vscode.git 604
2026-03-15 23:13:12.320 [warning] [Decorations] CAPPING events from decorations provider vscode.git 605
2026-03-15 23:13:17.491 [warning] [Decorations] CAPPING events from decorations provider vscode.git 604
2026-03-15 23:13:22.652 [warning] [Decorations] CAPPING events from decorations provider vscode.git 604
2026-03-15 23:13:27.805 [warning] [Decorations] CAPPING events from decorations provider vscode.git 604
2026-03-15 23:13:32.963 [warning] [Decorations] CAPPING events from decorations provider vscode.git 604
2026-03-15 23:13:39.779 [warning] [Decorations] CAPPING events from decorations provider vscode.git 604
2026-03-15 23:13:44.990 [warning] [Decorations] CAPPING events from decorations provider vscode.git 604
2026-03-15 23:13:50.155 [warning] [Decorations] CAPPING events from decorations provider vscode.git 605
2026-03-15 23:13:55.351 [warning] [Decorations] CAPPING events from decorations provider vscode.git 605
2026-03-15 23:15:11.826 [warning] [Decorations] CAPPING events from decorations provider vscode.git 607
2026-03-15 23:18:38.784 [warning] [Decorations] CAPPING events from decorations provider vscode.git 607
2026-03-15 23:18:43.918 [warning] [Decorations] CAPPING events from decorations provider vscode.git 605
2026-03-15 23:18:49.080 [warning] [Decorations] CAPPING events from decorations provider vscode.git 605
2026-03-15 23:18:54.284 [warning] [Decorations] CAPPING events from decorations provider vscode.git 605
2026-03-15 23:18:59.418 [warning] [Decorations] CAPPING events from decorations provider vscode.git 606
2026-03-15 23:19:07.786 [warning] [Decorations] CAPPING events from decorations provider vscode.git 609
2026-03-15 23:22:34.949 [warning] [Decorations] CAPPING events from decorations provider vscode.git 611
2026-03-15 23:23:02.432 [warning] [Decorations] CAPPING events from decorations provider vscode.git 608
2026-03-15 23:23:09.695 [warning] [Decorations] CAPPING events from decorations provider vscode.git 609
2026-03-15 23:29:06.747 [warning] [Decorations] CAPPING events from decorations provider vscode.git 611
2026-03-15 23:32:49.954 [warning] [Decorations] CAPPING events from decorations provider vscode.git 608
2026-03-15 23:32:55.192 [warning] [Decorations] CAPPING events from decorations provider vscode.git 607
2026-03-15 23:34:33.679 [warning] [Decorations] CAPPING events from decorations provider vscode.git 612
2026-03-15 23:38:18.761 [warning] [Decorations] CAPPING events from decorations provider vscode.git 608
2026-03-15 23:38:32.557 [warning] [Decorations] CAPPING events from decorations provider vscode.git 609
2026-03-15 23:38:37.729 [warning] [Decorations] CAPPING events from decorations provider vscode.git 608
2026-03-15 23:38:42.893 [warning] [Decorations] CAPPING events from decorations provider vscode.git 608
2026-03-15 23:38:48.045 [warning] [Decorations] CAPPING events from decorations provider vscode.git 608
2026-03-15 23:38:59.018 [warning] [Decorations] CAPPING events from decorations provider vscode.git 608
2026-03-15 23:39:18.298 [warning] [Decorations] CAPPING events from decorations provider vscode.git 610
2026-03-15 23:39:27.363 [warning] [Decorations] CAPPING events from decorations provider vscode.git 608
2026-03-15 23:39:42.627 [warning] [Decorations] CAPPING events from decorations provider vscode.git 610
2026-03-15 23:39:47.781 [warning] [Decorations] CAPPING events from decorations provider vscode.git 609
2026-03-15 23:39:52.929 [warning] [Decorations] CAPPING events from decorations provider vscode.git 611
2026-03-15 23:39:58.083 [warning] [Decorations] CAPPING events from decorations provider vscode.git 611
2026-03-15 23:40:03.236 [warning] [Decorations] CAPPING events from decorations provider vscode.git 612
2026-03-15 23:40:08.389 [warning] [Decorations] CAPPING events from decorations provider vscode.git 612
2026-03-15 23:40:13.519 [warning] [Decorations] CAPPING events from decorations provider vscode.git 611
2026-03-15 23:40:18.679 [warning] [Decorations] CAPPING events from decorations provider vscode.git 611
2026-03-15 23:40:23.804 [warning] [Decorations] CAPPING events from decorations provider vscode.git 611
2026-03-15 23:40:28.969 [warning] [Decorations] CAPPING events from decorations provider vscode.git 611
2026-03-15 23:40:34.093 [warning] [Decorations] CAPPING events from decorations provider vscode.git 611
2026-03-15 23:40:39.254 [warning] [Decorations] CAPPING events from decorations provider vscode.git 611
2026-03-15 23:40:44.381 [warning] [Decorations] CAPPING events from decorations provider vscode.git 611
2026-03-15 23:40:49.533 [warning] [Decorations] CAPPING events from decorations provider vscode.git 611
2026-03-15 23:40:54.665 [warning] [Decorations] CAPPING events from decorations provider vscode.git 611
2026-03-15 23:40:59.832 [warning] [Decorations] CAPPING events from decorations provider vscode.git 611
2026-03-15 23:41:04.961 [warning] [Decorations] CAPPING events from decorations provider vscode.git 611
2026-03-15 23:41:10.115 [warning] [Decorations] CAPPING events from decorations provider vscode.git 611
2026-03-15 23:41:15.230 [warning] [Decorations] CAPPING events from decorations provider vscode.git 611
2026-03-15 23:41:20.376 [warning] [Decorations] CAPPING events from decorations provider vscode.git 611
2026-03-15 23:41:25.499 [warning] [Decorations] CAPPING events from decorations provider vscode.git 611
2026-03-15 23:41:30.680 [warning] [Decorations] CAPPING events from decorations provider vscode.git 611
2026-03-15 23:41:35.841 [warning] [Decorations] CAPPING events from decorations provider vscode.git 611
2026-03-15 23:41:41.129 [warning] [Decorations] CAPPING events from decorations provider vscode.git 611
2026-03-15 23:41:46.270 [warning] [Decorations] CAPPING events from decorations provider vscode.git 611
2026-03-15 23:41:51.399 [warning] [Decorations] CAPPING events from decorations provider vscode.git 611
2026-03-15 23:41:56.519 [warning] [Decorations] CAPPING events from decorations provider vscode.git 611
2026-03-15 23:42:01.641 [warning] [Decorations] CAPPING events from decorations provider vscode.git 611
2026-03-15 23:42:06.760 [warning] [Decorations] CAPPING events from decorations provider vscode.git 611
2026-03-15 23:42:11.888 [warning] [Decorations] CAPPING events from decorations provider vscode.git 611
2026-03-15 23:42:17.041 [warning] [Decorations] CAPPING events from decorations provider vscode.git 611
2026-03-15 23:42:22.206 [warning] [Decorations] CAPPING events from decorations provider vscode.git 611
2026-03-15 23:42:27.350 [warning] [Decorations] CAPPING events from decorations provider vscode.git 609
2026-03-15 23:42:32.503 [warning] [Decorations] CAPPING events from decorations provider vscode.git 609
2026-03-15 23:42:37.650 [warning] [Decorations] CAPPING events from decorations provider vscode.git 609
2026-03-15 23:42:42.810 [warning] [Decorations] CAPPING events from decorations provider vscode.git 609
2026-03-15 23:42:47.988 [warning] [Decorations] CAPPING events from decorations provider vscode.git 609
2026-03-15 23:42:53.138 [warning] [Decorations] CAPPING events from decorations provider vscode.git 611
2026-03-15 23:42:58.290 [warning] [Decorations] CAPPING events from decorations provider vscode.git 611
2026-03-15 23:43:03.477 [warning] [Decorations] CAPPING events from decorations provider vscode.git 611
2026-03-15 23:43:08.649 [warning] [Decorations] CAPPING events from decorations provider vscode.git 612
2026-03-15 23:43:13.774 [warning] [Decorations] CAPPING events from decorations provider vscode.git 612
2026-03-15 23:43:19.661 [warning] [Decorations] CAPPING events from decorations provider vscode.git 613
2026-03-15 23:43:40.857 [warning] [Decorations] CAPPING events from decorations provider vscode.git 612
2026-03-15 23:43:46.002 [warning] [Decorations] CAPPING events from decorations provider vscode.git 612
2026-03-15 23:43:51.144 [warning] [Decorations] CAPPING events from decorations provider vscode.git 612
2026-03-15 23:43:56.313 [warning] [Decorations] CAPPING events from decorations provider vscode.git 612
2026-03-15 23:44:01.551 [warning] [Decorations] CAPPING events from decorations provider vscode.git 614
2026-03-15 23:44:06.791 [warning] [Decorations] CAPPING events from decorations provider vscode.git 617
2026-03-15 23:44:15.676 [warning] [Decorations] CAPPING events from decorations provider vscode.git 619
2026-03-15 23:44:16.777 [info] ExtensionService#_doActivateExtension vscode.css-language-features, startup: false, activationEvent: 'onLanguage:css'
2026-03-15 23:44:20.818 [warning] [Decorations] CAPPING events from decorations provider vscode.git 619
2026-03-15 23:44:26.004 [warning] [Decorations] CAPPING events from decorations provider vscode.git 618
2026-03-15 23:44:33.222 [warning] [Decorations] CAPPING events from decorations provider vscode.git 620
2026-03-15 23:44:51.877 [warning] [Decorations] CAPPING events from decorations provider vscode.git 621
2026-03-15 23:44:57.097 [warning] [Decorations] CAPPING events from decorations provider vscode.git 621
2026-03-15 23:45:02.247 [warning] [Decorations] CAPPING events from decorations provider vscode.git 623
2026-03-15 23:45:07.389 [warning] [Decorations] CAPPING events from decorations provider vscode.git 623
2026-03-15 23:45:12.585 [warning] [Decorations] CAPPING events from decorations provider vscode.git 624
2026-03-15 23:45:18.434 [warning] [Decorations] CAPPING events from decorations provider vscode.git 624
2026-03-15 23:45:24.788 [warning] [Decorations] CAPPING events from decorations provider vscode.git 620
2026-03-15 23:45:44.673 [warning] [Decorations] CAPPING events from decorations provider vscode.git 620
2026-03-15 23:45:56.978 [warning] [Decorations] CAPPING events from decorations provider vscode.git 622
2026-03-15 23:46:40.019 [warning] [Decorations] CAPPING events from decorations provider vscode.git 623
2026-03-15 23:46:45.174 [warning] [Decorations] CAPPING events from decorations provider vscode.git 622
2026-03-15 23:46:50.334 [warning] [Decorations] CAPPING events from decorations provider vscode.git 622
2026-03-15 23:46:55.488 [warning] [Decorations] CAPPING events from decorations provider vscode.git 622
2026-03-15 23:47:00.632 [warning] [Decorations] CAPPING events from decorations provider vscode.git 622
2026-03-15 23:47:05.840 [warning] [Decorations] CAPPING events from decorations provider vscode.git 622
2026-03-15 23:47:10.993 [warning] [Decorations] CAPPING events from decorations provider vscode.git 622
2026-03-15 23:47:16.162 [warning] [Decorations] CAPPING events from decorations provider vscode.git 622
2026-03-15 23:47:21.323 [warning] [Decorations] CAPPING events from decorations provider vscode.git 622
2026-03-15 23:47:26.495 [warning] [Decorations] CAPPING events from decorations provider vscode.git 622
2026-03-15 23:47:31.665 [warning] [Decorations] CAPPING events from decorations provider vscode.git 622
2026-03-15 23:47:36.861 [warning] [Decorations] CAPPING events from decorations provider vscode.git 625
2026-03-15 23:47:43.295 [warning] [Decorations] CAPPING events from decorations provider vscode.git 625
2026-03-15 23:47:48.484 [warning] [Decorations] CAPPING events from decorations provider vscode.git 624
2026-03-15 23:47:53.658 [warning] [Decorations] CAPPING events from decorations provider vscode.git 623
2026-03-15 23:47:58.824 [warning] [Decorations] CAPPING events from decorations provider vscode.git 623
2026-03-15 23:48:03.974 [warning] [Decorations] CAPPING events from decorations provider vscode.git 623
2026-03-15 23:48:09.142 [warning] [Decorations] CAPPING events from decorations provider vscode.git 623
2026-03-15 23:48:14.287 [warning] [Decorations] CAPPING events from decorations provider vscode.git 623
2026-03-15 23:48:19.456 [warning] [Decorations] CAPPING events from decorations provider vscode.git 623
2026-03-15 23:48:24.624 [warning] [Decorations] CAPPING events from decorations provider vscode.git 624
2026-03-15 23:48:29.784 [warning] [Decorations] CAPPING events from decorations provider vscode.git 624
2026-03-15 23:48:34.942 [warning] [Decorations] CAPPING events from decorations provider vscode.git 624
2026-03-15 23:48:40.067 [warning] [Decorations] CAPPING events from decorations provider vscode.git 624
2026-03-15 23:48:45.230 [warning] [Decorations] CAPPING events from decorations provider vscode.git 624
2026-03-15 23:48:51.458 [warning] [Decorations] CAPPING events from decorations provider vscode.git 626
2026-03-15 23:48:56.632 [warning] [Decorations] CAPPING events from decorations provider vscode.git 626
2026-03-15 23:49:06.955 [warning] [Decorations] CAPPING events from decorations provider vscode.git 631
2026-03-15 23:49:12.106 [warning] [Decorations] CAPPING events from decorations provider vscode.git 631
2026-03-15 23:49:17.311 [warning] [Decorations] CAPPING events from decorations provider vscode.git 631
2026-03-15 23:49:22.476 [warning] [Decorations] CAPPING events from decorations provider vscode.git 631
2026-03-15 23:49:27.716 [warning] [Decorations] CAPPING events from decorations provider vscode.git 631
2026-03-15 23:49:32.868 [warning] [Decorations] CAPPING events from decorations provider vscode.git 633
2026-03-15 23:49:40.384 [warning] [Decorations] CAPPING events from decorations provider vscode.git 632
2026-03-15 23:49:45.617 [warning] [Decorations] CAPPING events from decorations provider vscode.git 631
2026-03-15 23:49:50.774 [warning] [Decorations] CAPPING events from decorations provider vscode.git 631
2026-03-15 23:49:55.939 [warning] [Decorations] CAPPING events from decorations provider vscode.git 631
2026-03-15 23:50:01.116 [warning] [Decorations] CAPPING events from decorations provider vscode.git 632
2026-03-15 23:50:06.320 [warning] [Decorations] CAPPING events from decorations provider vscode.git 632
2026-03-15 23:52:20.405 [warning] [Decorations] CAPPING events from decorations provider vscode.git 634
2026-03-15 23:52:33.071 [warning] [Decorations] CAPPING events from decorations provider vscode.git 632
2026-03-15 23:52:38.188 [warning] [Decorations] CAPPING events from decorations provider vscode.git 632
2026-03-15 23:52:45.583 [warning] [Decorations] CAPPING events from decorations provider vscode.git 632
2026-03-15 23:52:50.772 [warning] [Decorations] CAPPING events from decorations provider vscode.git 632
2026-03-15 23:52:56.432 [warning] [Decorations] CAPPING events from decorations provider vscode.git 632
2026-03-15 23:53:01.648 [warning] [Decorations] CAPPING events from decorations provider vscode.git 632
2026-03-15 23:53:06.812 [warning] [Decorations] CAPPING events from decorations provider vscode.git 632
2026-03-15 23:53:11.978 [warning] [Decorations] CAPPING events from decorations provider vscode.git 632
2026-03-15 23:53:17.129 [warning] [Decorations] CAPPING events from decorations provider vscode.git 632
2026-03-15 23:53:22.300 [warning] [Decorations] CAPPING events from decorations provider vscode.git 632
2026-03-15 23:53:27.469 [warning] [Decorations] CAPPING events from decorations provider vscode.git 632
2026-03-15 23:53:32.711 [warning] [Decorations] CAPPING events from decorations provider vscode.git 632
2026-03-15 23:53:37.894 [warning] [Decorations] CAPPING events from decorations provider vscode.git 632
2026-03-15 23:55:33.777 [warning] [Decorations] CAPPING events from decorations provider vscode.git 633
2026-03-15 23:55:38.939 [warning] [Decorations] CAPPING events from decorations provider vscode.git 632
2026-03-15 23:55:55.850 [warning] [Decorations] CAPPING events from decorations provider vscode.git 633
2026-03-15 23:56:01.093 [warning] [Decorations] CAPPING events from decorations provider vscode.git 635
2026-03-15 23:56:54.641 [warning] [Decorations] CAPPING events from decorations provider vscode.git 635
2026-03-15 23:57:11.657 [warning] [Decorations] CAPPING events from decorations provider vscode.git 635
2026-03-15 23:57:21.569 [warning] [Decorations] CAPPING events from decorations provider vscode.git 634
2026-03-15 23:58:06.274 [warning] [Decorations] CAPPING events from decorations provider vscode.git 634
2026-03-15 23:58:14.366 [warning] [Decorations] CAPPING events from decorations provider vscode.git 635
2026-03-15 23:58:19.516 [warning] [Decorations] CAPPING events from decorations provider vscode.git 635
2026-03-15 23:58:24.681 [warning] [Decorations] CAPPING events from decorations provider vscode.git 636
2026-03-15 23:58:30.724 [warning] [Decorations] CAPPING events from decorations provider vscode.git 639
2026-03-15 23:58:35.890 [warning] [Decorations] CAPPING events from decorations provider vscode.git 638
2026-03-15 23:58:41.143 [warning] [Decorations] CAPPING events from decorations provider vscode.git 636
2026-03-15 23:58:47.515 [warning] [Decorations] CAPPING events from decorations provider vscode.git 637
2026-03-15 23:58:52.703 [warning] [Decorations] CAPPING events from decorations provider vscode.git 637
2026-03-15 23:58:57.858 [warning] [Decorations] CAPPING events from decorations provider vscode.git 636
2026-03-15 23:59:03.028 [warning] [Decorations] CAPPING events from decorations provider vscode.git 636
2026-03-15 23:59:08.179 [warning] [Decorations] CAPPING events from decorations provider vscode.git 636
2026-03-15 23:59:13.346 [warning] [Decorations] CAPPING events from decorations provider vscode.git 636
2026-03-15 23:59:18.510 [warning] [Decorations] CAPPING events from decorations provider vscode.git 636
2026-03-15 23:59:23.671 [warning] [Decorations] CAPPING events from decorations provider vscode.git 636
2026-03-15 23:59:28.835 [warning] [Decorations] CAPPING events from decorations provider vscode.git 636
2026-03-15 23:59:33.984 [warning] [Decorations] CAPPING events from decorations provider vscode.git 636
2026-03-15 23:59:39.134 [warning] [Decorations] CAPPING events from decorations provider vscode.git 636
2026-03-15 23:59:44.325 [warning] [Decorations] CAPPING events from decorations provider vscode.git 636
2026-03-15 23:59:49.476 [warning] [Decorations] CAPPING events from decorations provider vscode.git 636
2026-03-15 23:59:54.641 [warning] [Decorations] CAPPING events from decorations provider vscode.git 636
2026-03-15 23:59:59.804 [warning] [Decorations] CAPPING events from decorations provider vscode.git 636
2026-03-16 00:00:04.960 [warning] [Decorations] CAPPING events from decorations provider vscode.git 637
2026-03-16 00:00:10.136 [warning] [Decorations] CAPPING events from decorations provider vscode.git 637
2026-03-16 00:00:15.302 [warning] [Decorations] CAPPING events from decorations provider vscode.git 636
2026-03-16 00:00:20.454 [warning] [Decorations] CAPPING events from decorations provider vscode.git 636
2026-03-16 00:00:25.613 [warning] [Decorations] CAPPING events from decorations provider vscode.git 636
2026-03-16 00:00:30.777 [warning] [Decorations] CAPPING events from decorations provider vscode.git 636
2026-03-16 00:00:35.928 [warning] [Decorations] CAPPING events from decorations provider vscode.git 636
2026-03-16 00:00:41.079 [warning] [Decorations] CAPPING events from decorations provider vscode.git 636
2026-03-16 00:00:46.244 [warning] [Decorations] CAPPING events from decorations provider vscode.git 636
2026-03-16 00:00:51.414 [warning] [Decorations] CAPPING events from decorations provider vscode.git 636
2026-03-16 00:00:56.581 [warning] [Decorations] CAPPING events from decorations provider vscode.git 636
2026-03-16 00:01:01.766 [warning] [Decorations] CAPPING events from decorations provider vscode.git 639
2026-03-16 00:01:06.964 [warning] [Decorations] CAPPING events from decorations provider vscode.git 639
2026-03-16 00:01:12.142 [warning] [Decorations] CAPPING events from decorations provider vscode.git 639
2026-03-16 00:01:17.279 [warning] [Decorations] CAPPING events from decorations provider vscode.git 639
2026-03-16 00:01:22.460 [warning] [Decorations] CAPPING events from decorations provider vscode.git 640
2026-03-16 00:01:28.865 [warning] [Decorations] CAPPING events from decorations provider vscode.git 642
2026-03-16 00:02:06.508 [warning] [Decorations] CAPPING events from decorations provider vscode.git 643
2026-03-16 00:02:13.360 [warning] [Decorations] CAPPING events from decorations provider vscode.git 641
2026-03-16 00:04:25.031 [warning] [Decorations] CAPPING events from decorations provider vscode.git 643
2026-03-16 00:04:43.065 [warning] [Decorations] CAPPING events from decorations provider vscode.git 643
2026-03-16 00:04:48.192 [warning] [Decorations] CAPPING events from decorations provider vscode.git 642
2026-03-16 00:05:14.485 [warning] [Decorations] CAPPING events from decorations provider vscode.git 643
2026-03-16 00:05:21.866 [warning] [Decorations] CAPPING events from decorations provider vscode.git 643
2026-03-16 00:07:34.128 [warning] [Decorations] CAPPING events from decorations provider vscode.git 646
2026-03-16 00:07:39.332 [warning] [Decorations] CAPPING events from decorations provider vscode.git 644
2026-03-16 00:07:44.491 [warning] [Decorations] CAPPING events from decorations provider vscode.git 643
2026-03-16 00:07:49.635 [warning] [Decorations] CAPPING events from decorations provider vscode.git 643
2026-03-16 00:07:54.756 [warning] [Decorations] CAPPING events from decorations provider vscode.git 643
2026-03-16 00:07:59.925 [warning] [Decorations] CAPPING events from decorations provider vscode.git 643
2026-03-16 00:08:05.044 [warning] [Decorations] CAPPING events from decorations provider vscode.git 643
2026-03-16 00:08:10.226 [warning] [Decorations] CAPPING events from decorations provider vscode.git 645
2026-03-16 00:08:15.352 [warning] [Decorations] CAPPING events from decorations provider vscode.git 645
2026-03-16 00:08:20.493 [warning] [Decorations] CAPPING events from decorations provider vscode.git 643
2026-03-16 00:08:25.692 [warning] [Decorations] CAPPING events from decorations provider vscode.git 643
2026-03-16 00:08:30.869 [warning] [Decorations] CAPPING events from decorations provider vscode.git 643
2026-03-16 00:08:36.013 [warning] [Decorations] CAPPING events from decorations provider vscode.git 643
2026-03-16 00:08:41.149 [warning] [Decorations] CAPPING events from decorations provider vscode.git 644
2026-03-16 00:08:46.280 [warning] [Decorations] CAPPING events from decorations provider vscode.git 647
2026-03-16 00:08:51.430 [warning] [Decorations] CAPPING events from decorations provider vscode.git 646
2026-03-16 00:08:56.563 [warning] [Decorations] CAPPING events from decorations provider vscode.git 646
2026-03-16 00:09:02.743 [warning] [Decorations] CAPPING events from decorations provider vscode.git 646
2026-03-16 00:09:07.970 [warning] [Decorations] CAPPING events from decorations provider vscode.git 646
2026-03-16 00:09:13.190 [warning] [Decorations] CAPPING events from decorations provider vscode.git 647
2026-03-16 00:09:50.854 [warning] [Decorations] CAPPING events from decorations provider vscode.git 647
2026-03-16 00:09:56.028 [warning] [Decorations] CAPPING events from decorations provider vscode.git 645
2026-03-16 00:10:01.189 [warning] [Decorations] CAPPING events from decorations provider vscode.git 645
2026-03-16 00:10:06.355 [warning] [Decorations] CAPPING events from decorations provider vscode.git 646
2026-03-16 00:10:11.517 [warning] [Decorations] CAPPING events from decorations provider vscode.git 648
2026-03-16 00:10:57.298 [warning] [Decorations] CAPPING events from decorations provider vscode.git 648
2026-03-16 00:11:04.257 [warning] [Decorations] CAPPING events from decorations provider vscode.git 649
2026-03-16 00:11:09.464 [warning] [Decorations] CAPPING events from decorations provider vscode.git 649
2026-03-16 00:11:14.591 [warning] [Decorations] CAPPING events from decorations provider vscode.git 649
2026-03-16 00:11:19.797 [warning] [Decorations] CAPPING events from decorations provider vscode.git 650
2026-03-16 00:11:25.031 [warning] [Decorations] CAPPING events from decorations provider vscode.git 652
2026-03-16 00:11:30.266 [warning] [Decorations] CAPPING events from decorations provider vscode.git 651
2026-03-16 00:11:35.433 [warning] [Decorations] CAPPING events from decorations provider vscode.git 650
2026-03-16 00:11:51.169 [warning] [Decorations] CAPPING events from decorations provider vscode.git 652
2026-03-16 00:12:46.486 [warning] [Decorations] CAPPING events from decorations provider vscode.git 653
2026-03-16 00:12:51.679 [warning] [Decorations] CAPPING events from decorations provider vscode.git 649
2026-03-16 00:12:56.837 [warning] [Decorations] CAPPING events from decorations provider vscode.git 649
2026-03-16 00:13:26.281 [warning] [Decorations] CAPPING events from decorations provider vscode.git 651
2026-03-16 00:13:31.434 [warning] [Decorations] CAPPING events from decorations provider vscode.git 651
2026-03-16 00:13:36.596 [warning] [Decorations] CAPPING events from decorations provider vscode.git 651
2026-03-16 00:13:41.769 [warning] [Decorations] CAPPING events from decorations provider vscode.git 651
2026-03-16 00:13:48.357 [warning] [Decorations] CAPPING events from decorations provider vscode.git 654
2026-03-16 00:13:53.524 [warning] [Decorations] CAPPING events from decorations provider vscode.git 654
2026-03-16 00:13:58.674 [warning] [Decorations] CAPPING events from decorations provider vscode.git 653
2026-03-16 00:15:40.735 [warning] [Decorations] CAPPING events from decorations provider vscode.git 655
2026-03-16 00:16:05.956 [warning] [Decorations] CAPPING events from decorations provider vscode.git 658
2026-03-16 00:16:11.121 [warning] [Decorations] CAPPING events from decorations provider vscode.git 657
2026-03-16 00:16:16.277 [warning] [Decorations] CAPPING events from decorations provider vscode.git 658
2026-03-16 00:16:21.417 [warning] [Decorations] CAPPING events from decorations provider vscode.git 658
2026-03-16 00:16:28.893 [warning] [Decorations] CAPPING events from decorations provider vscode.git 658
2026-03-16 00:16:34.027 [warning] [Decorations] CAPPING events from decorations provider vscode.git 658
2026-03-16 00:16:39.166 [warning] [Decorations] CAPPING events from decorations provider vscode.git 658
2026-03-16 00:16:44.318 [warning] [Decorations] CAPPING events from decorations provider vscode.git 658
2026-03-16 00:16:49.462 [warning] [Decorations] CAPPING events from decorations provider vscode.git 658
2026-03-16 00:16:54.632 [warning] [Decorations] CAPPING events from decorations provider vscode.git 658
2026-03-16 00:19:30.212 [warning] [Decorations] CAPPING events from decorations provider vscode.git 658
2026-03-16 00:19:36.254 [warning] [Decorations] CAPPING events from decorations provider vscode.git 660
2026-03-16 00:19:42.363 [warning] [Decorations] CAPPING events from decorations provider vscode.git 660
2026-03-16 00:20:24.413 [warning] [Decorations] CAPPING events from decorations provider vscode.git 659
2026-03-16 00:20:29.585 [warning] [Decorations] CAPPING events from decorations provider vscode.git 658
2026-03-16 00:20:34.740 [warning] [Decorations] CAPPING events from decorations provider vscode.git 658
2026-03-16 00:20:39.979 [warning] [Decorations] CAPPING events from decorations provider vscode.git 658
2026-03-16 00:20:45.148 [warning] [Decorations] CAPPING events from decorations provider vscode.git 658
2026-03-16 00:20:50.314 [warning] [Decorations] CAPPING events from decorations provider vscode.git 658
2026-03-16 00:20:55.564 [warning] [Decorations] CAPPING events from decorations provider vscode.git 658
2026-03-16 00:27:51.444 [warning] [Decorations] CAPPING events from decorations provider vscode.git 659
2026-03-16 00:27:56.569 [warning] [Decorations] CAPPING events from decorations provider vscode.git 656
2026-03-16 00:28:20.488 [warning] [Decorations] CAPPING events from decorations provider vscode.git 659
2026-03-16 00:28:36.813 [warning] [Decorations] CAPPING events from decorations provider vscode.git 659
2026-03-16 00:28:42.133 [warning] [Decorations] CAPPING events from decorations provider vscode.git 659
2026-03-16 00:30:29.548 [warning] [Decorations] CAPPING events from decorations provider vscode.git 659
2026-03-16 00:30:34.750 [warning] [Decorations] CAPPING events from decorations provider vscode.git 659
2026-03-16 00:30:39.895 [warning] [Decorations] CAPPING events from decorations provider vscode.git 659
2026-03-16 00:30:45.046 [warning] [Decorations] CAPPING events from decorations provider vscode.git 659
2026-03-16 00:30:50.169 [warning] [Decorations] CAPPING events from decorations provider vscode.git 657
2026-03-16 00:30:55.346 [warning] [Decorations] CAPPING events from decorations provider vscode.git 657
2026-03-16 00:31:00.471 [warning] [Decorations] CAPPING events from decorations provider vscode.git 660
2026-03-16 00:31:05.645 [warning] [Decorations] CAPPING events from decorations provider vscode.git 659
2026-03-16 00:31:10.799 [warning] [Decorations] CAPPING events from decorations provider vscode.git 658
2026-03-16 00:31:15.965 [warning] [Decorations] CAPPING events from decorations provider vscode.git 658
2026-03-16 00:31:21.132 [warning] [Decorations] CAPPING events from decorations provider vscode.git 660
2026-03-16 00:31:26.303 [warning] [Decorations] CAPPING events from decorations provider vscode.git 660
2026-03-16 00:31:31.468 [warning] [Decorations] CAPPING events from decorations provider vscode.git 660
2026-03-16 00:31:36.633 [warning] [Decorations] CAPPING events from decorations provider vscode.git 660
2026-03-16 00:31:41.788 [warning] [Decorations] CAPPING events from decorations provider vscode.git 660
2026-03-16 00:31:46.955 [warning] [Decorations] CAPPING events from decorations provider vscode.git 660
2026-03-16 00:31:52.114 [warning] [Decorations] CAPPING events from decorations provider vscode.git 660
2026-03-16 00:31:57.276 [warning] [Decorations] CAPPING events from decorations provider vscode.git 660
2026-03-16 00:32:02.429 [warning] [Decorations] CAPPING events from decorations provider vscode.git 660
2026-03-16 00:32:07.592 [warning] [Decorations] CAPPING events from decorations provider vscode.git 660
2026-03-16 00:32:12.749 [warning] [Decorations] CAPPING events from decorations provider vscode.git 660
2026-03-16 00:32:17.912 [warning] [Decorations] CAPPING events from decorations provider vscode.git 660
2026-03-16 00:32:23.084 [warning] [Decorations] CAPPING events from decorations provider vscode.git 660
2026-03-16 00:32:28.232 [warning] [Decorations] CAPPING events from decorations provider vscode.git 660
2026-03-16 00:32:33.422 [warning] [Decorations] CAPPING events from decorations provider vscode.git 660
2026-03-16 00:32:38.593 [warning] [Decorations] CAPPING events from decorations provider vscode.git 660
2026-03-16 00:32:43.756 [warning] [Decorations] CAPPING events from decorations provider vscode.git 660
2026-03-16 00:32:48.909 [warning] [Decorations] CAPPING events from decorations provider vscode.git 660
2026-03-16 00:32:54.064 [warning] [Decorations] CAPPING events from decorations provider vscode.git 660
2026-03-16 00:32:59.236 [warning] [Decorations] CAPPING events from decorations provider vscode.git 660
2026-03-16 00:33:04.373 [warning] [Decorations] CAPPING events from decorations provider vscode.git 663
2026-03-16 00:33:09.523 [warning] [Decorations] CAPPING events from decorations provider vscode.git 663
2026-03-16 00:33:14.684 [warning] [Decorations] CAPPING events from decorations provider vscode.git 663
2026-03-16 00:33:19.854 [warning] [Decorations] CAPPING events from decorations provider vscode.git 663
2026-03-16 00:33:25.025 [warning] [Decorations] CAPPING events from decorations provider vscode.git 664
2026-03-16 00:33:30.197 [warning] [Decorations] CAPPING events from decorations provider vscode.git 664
2026-03-16 00:33:35.358 [warning] [Decorations] CAPPING events from decorations provider vscode.git 663
2026-03-16 00:33:40.528 [warning] [Decorations] CAPPING events from decorations provider vscode.git 663
2026-03-16 00:33:45.649 [warning] [Decorations] CAPPING events from decorations provider vscode.git 663
2026-03-16 00:33:50.825 [warning] [Decorations] CAPPING events from decorations provider vscode.git 661
2026-03-16 00:33:55.941 [warning] [Decorations] CAPPING events from decorations provider vscode.git 661
2026-03-16 00:34:01.102 [warning] [Decorations] CAPPING events from decorations provider vscode.git 661
2026-03-16 00:34:06.220 [warning] [Decorations] CAPPING events from decorations provider vscode.git 661
2026-03-16 00:34:11.390 [warning] [Decorations] CAPPING events from decorations provider vscode.git 661
2026-03-16 00:34:16.542 [warning] [Decorations] CAPPING events from decorations provider vscode.git 661
2026-03-16 00:34:21.710 [warning] [Decorations] CAPPING events from decorations provider vscode.git 663
2026-03-16 00:34:26.866 [warning] [Decorations] CAPPING events from decorations provider vscode.git 663
2026-03-16 00:34:32.024 [warning] [Decorations] CAPPING events from decorations provider vscode.git 663
2026-03-16 00:34:37.194 [warning] [Decorations] CAPPING events from decorations provider vscode.git 663
2026-03-16 00:34:42.386 [warning] [Decorations] CAPPING events from decorations provider vscode.git 663
2026-03-16 00:34:47.545 [warning] [Decorations] CAPPING events from decorations provider vscode.git 664
2026-03-16 00:34:52.693 [warning] [Decorations] CAPPING events from decorations provider vscode.git 664
2026-03-16 00:34:57.887 [warning] [Decorations] CAPPING events from decorations provider vscode.git 663
2026-03-16 00:35:03.032 [warning] [Decorations] CAPPING events from decorations provider vscode.git 663
2026-03-16 00:35:08.196 [warning] [Decorations] CAPPING events from decorations provider vscode.git 663
2026-03-16 00:35:13.357 [warning] [Decorations] CAPPING events from decorations provider vscode.git 663
2026-03-16 00:35:18.515 [warning] [Decorations] CAPPING events from decorations provider vscode.git 663
2026-03-16 00:35:23.683 [warning] [Decorations] CAPPING events from decorations provider vscode.git 663
2026-03-16 00:35:28.840 [warning] [Decorations] CAPPING events from decorations provider vscode.git 663
2026-03-16 00:35:33.996 [warning] [Decorations] CAPPING events from decorations provider vscode.git 663
2026-03-16 00:35:39.162 [warning] [Decorations] CAPPING events from decorations provider vscode.git 663
2026-03-16 00:35:44.313 [warning] [Decorations] CAPPING events from decorations provider vscode.git 663
2026-03-16 00:35:49.478 [warning] [Decorations] CAPPING events from decorations provider vscode.git 663
2026-03-16 00:35:54.645 [warning] [Decorations] CAPPING events from decorations provider vscode.git 663
2026-03-16 00:35:59.805 [warning] [Decorations] CAPPING events from decorations provider vscode.git 663
2026-03-16 00:36:04.965 [warning] [Decorations] CAPPING events from decorations provider vscode.git 663
2026-03-16 00:36:10.126 [warning] [Decorations] CAPPING events from decorations provider vscode.git 663
2026-03-16 00:36:15.290 [warning] [Decorations] CAPPING events from decorations provider vscode.git 663
2026-03-16 00:36:20.460 [warning] [Decorations] CAPPING events from decorations provider vscode.git 663
2026-03-16 00:36:25.618 [warning] [Decorations] CAPPING events from decorations provider vscode.git 663
2026-03-16 00:36:30.783 [warning] [Decorations] CAPPING events from decorations provider vscode.git 663
2026-03-16 00:36:35.941 [warning] [Decorations] CAPPING events from decorations provider vscode.git 663
2026-03-16 00:36:41.100 [warning] [Decorations] CAPPING events from decorations provider vscode.git 663
2026-03-16 00:36:46.255 [warning] [Decorations] CAPPING events from decorations provider vscode.git 663
2026-03-16 00:36:51.413 [warning] [Decorations] CAPPING events from decorations provider vscode.git 661
2026-03-16 00:36:56.576 [warning] [Decorations] CAPPING events from decorations provider vscode.git 661
2026-03-16 00:37:01.722 [warning] [Decorations] CAPPING events from decorations provider vscode.git 661
2026-03-16 00:37:06.872 [warning] [Decorations] CAPPING events from decorations provider vscode.git 661
2026-03-16 00:37:11.997 [warning] [Decorations] CAPPING events from decorations provider vscode.git 661
2026-03-16 00:37:17.180 [warning] [Decorations] CAPPING events from decorations provider vscode.git 661
2026-03-16 00:37:22.350 [warning] [Decorations] CAPPING events from decorations provider vscode.git 663
2026-03-16 00:37:27.523 [warning] [Decorations] CAPPING events from decorations provider vscode.git 663
2026-03-16 00:37:32.693 [warning] [Decorations] CAPPING events from decorations provider vscode.git 663
2026-03-16 00:37:37.844 [warning] [Decorations] CAPPING events from decorations provider vscode.git 663
2026-03-16 00:37:43.005 [warning] [Decorations] CAPPING events from decorations provider vscode.git 663
2026-03-16 00:37:48.132 [warning] [Decorations] CAPPING events from decorations provider vscode.git 661
2026-03-16 00:37:53.298 [warning] [Decorations] CAPPING events from decorations provider vscode.git 661
2026-03-16 00:37:58.436 [warning] [Decorations] CAPPING events from decorations provider vscode.git 661
2026-03-16 00:38:03.597 [warning] [Decorations] CAPPING events from decorations provider vscode.git 661
2026-03-16 00:38:08.797 [warning] [Decorations] CAPPING events from decorations provider vscode.git 661
2026-03-16 00:38:13.955 [warning] [Decorations] CAPPING events from decorations provider vscode.git 663
2026-03-16 00:38:19.094 [warning] [Decorations] CAPPING events from decorations provider vscode.git 663
2026-03-16 00:38:24.225 [warning] [Decorations] CAPPING events from decorations provider vscode.git 663
2026-03-16 00:38:29.420 [warning] [Decorations] CAPPING events from decorations provider vscode.git 663
2026-03-16 00:38:34.607 [warning] [Decorations] CAPPING events from decorations provider vscode.git 664
2026-03-16 00:38:39.727 [warning] [Decorations] CAPPING events from decorations provider vscode.git 663
2026-03-16 00:38:44.881 [warning] [Decorations] CAPPING events from decorations provider vscode.git 663
2026-03-16 00:38:50.014 [warning] [Decorations] CAPPING events from decorations provider vscode.git 663
2026-03-16 00:38:55.173 [warning] [Decorations] CAPPING events from decorations provider vscode.git 663
2026-03-16 00:39:00.295 [warning] [Decorations] CAPPING events from decorations provider vscode.git 663
2026-03-16 00:39:05.461 [warning] [Decorations] CAPPING events from decorations provider vscode.git 663
2026-03-16 00:39:10.602 [warning] [Decorations] CAPPING events from decorations provider vscode.git 663
2026-03-16 00:39:15.760 [warning] [Decorations] CAPPING events from decorations provider vscode.git 663
2026-03-16 00:39:20.879 [warning] [Decorations] CAPPING events from decorations provider vscode.git 663
2026-03-16 00:39:26.055 [warning] [Decorations] CAPPING events from decorations provider vscode.git 663
2026-03-16 00:39:31.181 [warning] [Decorations] CAPPING events from decorations provider vscode.git 663
2026-03-16 00:39:48.956 [warning] [Decorations] CAPPING events from decorations provider vscode.git 663
2026-03-16 00:39:55.876 [warning] [Decorations] CAPPING events from decorations provider vscode.git 661
2026-03-16 00:40:51.591 [warning] [Decorations] CAPPING events from decorations provider vscode.git 664
2026-03-16 00:41:07.923 [warning] [Decorations] CAPPING events from decorations provider vscode.git 664
2026-03-16 00:41:41.201 [warning] [Decorations] CAPPING events from decorations provider vscode.git 666
2026-03-16 00:41:46.329 [warning] [Decorations] CAPPING events from decorations provider vscode.git 666
2026-03-16 00:41:53.561 [warning] [Decorations] CAPPING events from decorations provider vscode.git 667
2026-03-16 00:43:19.929 [warning] [Decorations] CAPPING events from decorations provider vscode.git 667
2026-03-16 00:43:25.108 [warning] [Decorations] CAPPING events from decorations provider vscode.git 665
2026-03-16 00:43:32.945 [warning] [Decorations] CAPPING events from decorations provider vscode.git 665
2026-03-16 00:43:38.168 [warning] [Decorations] CAPPING events from decorations provider vscode.git 662
2026-03-16 00:45:23.565 [warning] [Decorations] CAPPING events from decorations provider vscode.git 662
2026-03-16 00:45:36.961 [warning] [Decorations] CAPPING events from decorations provider vscode.git 662
2026-03-16 00:45:42.820 [warning] [Decorations] CAPPING events from decorations provider vscode.git 663
2026-03-16 00:46:07.095 [warning] [Decorations] CAPPING events from decorations provider vscode.git 670
2026-03-16 00:46:26.249 [warning] [Decorations] CAPPING events from decorations provider vscode.git 664
2026-03-16 00:46:31.450 [warning] [Decorations] CAPPING events from decorations provider vscode.git 663
2026-03-16 00:46:36.655 [warning] [Decorations] CAPPING events from decorations provider vscode.git 664
2026-03-16 00:47:15.372 [warning] [Decorations] CAPPING events from decorations provider vscode.git 670
2026-03-16 00:48:53.561 [warning] [Decorations] CAPPING events from decorations provider vscode.git 671
2026-03-16 00:48:58.755 [warning] [Decorations] CAPPING events from decorations provider vscode.git 668
2026-03-16 00:49:03.916 [warning] [Decorations] CAPPING events from decorations provider vscode.git 668
2026-03-16 00:51:33.148 [warning] [Decorations] CAPPING events from decorations provider vscode.git 673
2026-03-16 00:51:38.277 [warning] [Decorations] CAPPING events from decorations provider vscode.git 671
2026-03-16 00:51:44.871 [warning] [Decorations] CAPPING events from decorations provider vscode.git 673
2026-03-16 00:52:02.028 [warning] [Decorations] CAPPING events from decorations provider vscode.git 677
2026-03-16 00:52:45.358 [warning] [Decorations] CAPPING events from decorations provider vscode.git 676
2026-03-16 00:52:50.534 [warning] [Decorations] CAPPING events from decorations provider vscode.git 677
2026-03-16 00:52:55.686 [warning] [Decorations] CAPPING events from decorations provider vscode.git 677
2026-03-16 00:53:00.874 [warning] [Decorations] CAPPING events from decorations provider vscode.git 677
2026-03-16 00:53:09.645 [warning] [Decorations] CAPPING events from decorations provider vscode.git 676
2026-03-16 00:53:14.831 [warning] [Decorations] CAPPING events from decorations provider vscode.git 675
2026-03-16 00:53:20.056 [warning] [Decorations] CAPPING events from decorations provider vscode.git 675
2026-03-16 00:53:25.221 [warning] [Decorations] CAPPING events from decorations provider vscode.git 676
2026-03-16 00:53:35.001 [warning] [Decorations] CAPPING events from decorations provider vscode.git 679
2026-03-16 00:53:40.150 [warning] [Decorations] CAPPING events from decorations provider vscode.git 678
2026-03-16 00:53:45.348 [warning] [Decorations] CAPPING events from decorations provider vscode.git 676
2026-03-16 00:53:50.552 [warning] [Decorations] CAPPING events from decorations provider vscode.git 676
2026-03-16 00:53:55.695 [warning] [Decorations] CAPPING events from decorations provider vscode.git 677
2026-03-16 00:54:01.325 [warning] [Decorations] CAPPING events from decorations provider vscode.git 680
2026-03-16 00:54:06.477 [warning] [Decorations] CAPPING events from decorations provider vscode.git 679
2026-03-16 00:54:11.600 [warning] [Decorations] CAPPING events from decorations provider vscode.git 677
2026-03-16 00:54:40.788 [warning] [Decorations] CAPPING events from decorations provider vscode.git 677
2026-03-16 00:54:45.939 [warning] [Decorations] CAPPING events from decorations provider vscode.git 677
2026-03-16 00:54:51.103 [warning] [Decorations] CAPPING events from decorations provider vscode.git 678
2026-03-16 00:54:56.249 [warning] [Decorations] CAPPING events from decorations provider vscode.git 678
2026-03-16 00:55:01.407 [warning] [Decorations] CAPPING events from decorations provider vscode.git 677
2026-03-16 00:55:06.526 [warning] [Decorations] CAPPING events from decorations provider vscode.git 678
2026-03-16 00:55:11.644 [warning] [Decorations] CAPPING events from decorations provider vscode.git 676
2026-03-16 00:55:16.883 [warning] [Decorations] CAPPING events from decorations provider vscode.git 675
2026-03-16 00:55:22.084 [warning] [Decorations] CAPPING events from decorations provider vscode.git 675
2026-03-16 00:55:27.251 [warning] [Decorations] CAPPING events from decorations provider vscode.git 676
2026-03-16 00:55:32.471 [warning] [Decorations] CAPPING events from decorations provider vscode.git 676
2026-03-16 00:55:37.675 [warning] [Decorations] CAPPING events from decorations provider vscode.git 676
2026-03-16 00:56:05.628 [warning] [Decorations] CAPPING events from decorations provider vscode.git 683
2026-03-16 00:56:10.786 [warning] [Decorations] CAPPING events from decorations provider vscode.git 682
2026-03-16 00:56:15.951 [warning] [Decorations] CAPPING events from decorations provider vscode.git 681
2026-03-16 00:56:21.253 [warning] [Decorations] CAPPING events from decorations provider vscode.git 684
2026-03-16 00:56:26.404 [warning] [Decorations] CAPPING events from decorations provider vscode.git 683
2026-03-16 00:56:39.605 [warning] [Decorations] CAPPING events from decorations provider vscode.git 681
2026-03-16 00:56:45.678 [warning] [Decorations] CAPPING events from decorations provider vscode.git 682
2026-03-16 00:57:13.068 [warning] [Decorations] CAPPING events from decorations provider vscode.git 698
2026-03-16 00:57:19.739 [warning] [Decorations] CAPPING events from decorations provider vscode.git 699
2026-03-16 00:57:25.299 [warning] [Decorations] CAPPING events from decorations provider vscode.git 699
2026-03-16 00:57:30.457 [warning] [Decorations] CAPPING events from decorations provider vscode.git 700
2026-03-16 00:58:18.395 [warning] [Decorations] CAPPING events from decorations provider vscode.git 701
2026-03-16 00:58:23.561 [warning] [Decorations] CAPPING events from decorations provider vscode.git 698
2026-03-16 00:58:28.731 [warning] [Decorations] CAPPING events from decorations provider vscode.git 698
2026-03-16 00:58:33.891 [warning] [Decorations] CAPPING events from decorations provider vscode.git 698
2026-03-16 00:58:39.075 [warning] [Decorations] CAPPING events from decorations provider vscode.git 698
2026-03-16 00:58:44.274 [warning] [Decorations] CAPPING events from decorations provider vscode.git 700
2026-03-16 00:58:49.418 [warning] [Decorations] CAPPING events from decorations provider vscode.git 702
2026-03-16 00:58:54.645 [warning] [Decorations] CAPPING events from decorations provider vscode.git 702
2026-03-16 00:58:59.817 [warning] [Decorations] CAPPING events from decorations provider vscode.git 701
2026-03-16 00:59:04.967 [warning] [Decorations] CAPPING events from decorations provider vscode.git 701
2026-03-16 00:59:10.168 [warning] [Decorations] CAPPING events from decorations provider vscode.git 701
2026-03-16 00:59:15.330 [warning] [Decorations] CAPPING events from decorations provider vscode.git 701
2026-03-16 00:59:20.528 [warning] [Decorations] CAPPING events from decorations provider vscode.git 702
2026-03-16 00:59:25.687 [warning] [Decorations] CAPPING events from decorations provider vscode.git 702
2026-03-16 00:59:30.846 [warning] [Decorations] CAPPING events from decorations provider vscode.git 702
2026-03-16 00:59:36.013 [warning] [Decorations] CAPPING events from decorations provider vscode.git 702
2026-03-16 00:59:41.245 [warning] [Decorations] CAPPING events from decorations provider vscode.git 702
2026-03-16 00:59:46.424 [warning] [Decorations] CAPPING events from decorations provider vscode.git 702
2026-03-16 00:59:51.564 [warning] [Decorations] CAPPING events from decorations provider vscode.git 702
2026-03-16 00:59:56.732 [warning] [Decorations] CAPPING events from decorations provider vscode.git 702
2026-03-16 01:00:01.850 [warning] [Decorations] CAPPING events from decorations provider vscode.git 702
2026-03-16 01:00:07.005 [warning] [Decorations] CAPPING events from decorations provider vscode.git 703
2026-03-16 01:00:12.166 [warning] [Decorations] CAPPING events from decorations provider vscode.git 703
2026-03-16 01:00:17.332 [warning] [Decorations] CAPPING events from decorations provider vscode.git 702
2026-03-16 01:00:22.509 [warning] [Decorations] CAPPING events from decorations provider vscode.git 702
2026-03-16 01:00:27.683 [warning] [Decorations] CAPPING events from decorations provider vscode.git 703
2026-03-16 01:00:32.840 [warning] [Decorations] CAPPING events from decorations provider vscode.git 704
2026-03-16 01:00:38.008 [warning] [Decorations] CAPPING events from decorations provider vscode.git 703
2026-03-16 01:00:43.153 [warning] [Decorations] CAPPING events from decorations provider vscode.git 703
2026-03-16 01:00:48.349 [warning] [Decorations] CAPPING events from decorations provider vscode.git 703
2026-03-16 01:01:05.075 [warning] [Decorations] CAPPING events from decorations provider vscode.git 704
2026-03-16 01:01:10.201 [warning] [Decorations] CAPPING events from decorations provider vscode.git 703
2026-03-16 01:01:15.357 [warning] [Decorations] CAPPING events from decorations provider vscode.git 701
2026-03-16 01:02:19.279 [warning] [Decorations] CAPPING events from decorations provider vscode.git 711
2026-03-16 01:02:46.160 [warning] [Decorations] CAPPING events from decorations provider vscode.git 712
2026-03-16 01:02:51.319 [warning] [Decorations] CAPPING events from decorations provider vscode.git 709
2026-03-16 01:02:56.538 [warning] [Decorations] CAPPING events from decorations provider vscode.git 712
2026-03-16 01:03:35.211 [warning] [Decorations] CAPPING events from decorations provider vscode.git 712
2026-03-16 01:04:12.205 [warning] [Decorations] CAPPING events from decorations provider vscode.git 710
2026-03-16 01:04:17.382 [warning] [Decorations] CAPPING events from decorations provider vscode.git 708
2026-03-16 01:04:22.507 [warning] [Decorations] CAPPING events from decorations provider vscode.git 708
2026-03-16 01:04:27.731 [warning] [Decorations] CAPPING events from decorations provider vscode.git 709
2026-03-16 01:05:07.829 [warning] [Decorations] CAPPING events from decorations provider vscode.git 714
2026-03-16 01:08:04.909 [warning] [Decorations] CAPPING events from decorations provider vscode.git 715
2026-03-16 01:08:10.066 [warning] [Decorations] CAPPING events from decorations provider vscode.git 710
2026-03-16 01:08:15.316 [warning] [Decorations] CAPPING events from decorations provider vscode.git 712
2026-03-16 01:08:20.533 [warning] [Decorations] CAPPING events from decorations provider vscode.git 712
2026-03-16 01:08:25.701 [warning] [Decorations] CAPPING events from decorations provider vscode.git 711
2026-03-16 01:27:13.949 [warning] [Decorations] CAPPING events from decorations provider vscode.git 711
2026-03-16 01:29:09.571 [info] ExtensionService#_doActivateExtension vscode.extension-editing, startup: false, activationEvent: 'onLanguage:markdown'
2026-03-16 01:29:09.599 [info] ExtensionService#_doActivateExtension vscode.markdown-language-features, startup: false, activationEvent: 'onLanguage:markdown'
2026-03-16 01:29:10.322 [info] ExtensionService#_doActivateExtension vscode.markdown-math, startup: false, activationEvent: 'api', root cause: vscode.markdown-language-features
2026-03-16 01:31:27.995 [info] ExtensionService#_doActivateExtension vscode.media-preview, startup: false, activationEvent: 'onCustomEditor:imagePreview.previewEditor'
