2026-03-15 10:35:07.766 [info] [main] Log level: Info
2026-03-15 10:35:07.766 [info] [main] Validating found git in: "git"
2026-03-15 10:35:07.766 [info] [main] Using git "2.53.0" from "git"
2026-03-15 10:35:07.766 [info] [Model][doInitialScan] Initial repository scan started
2026-03-15 10:35:07.766 [info] > git rev-parse --show-toplevel [28ms]
2026-03-15 10:35:07.766 [info] > git rev-parse --git-dir --git-common-dir --show-superproject-working-tree [11ms]
2026-03-15 10:35:07.865 [info] [Model][openRepository] Opened repository (path): /home/pedro/.config
2026-03-15 10:35:07.865 [info] [Model][openRepository] Opened repository (real path): /home/pedro/.config
2026-03-15 10:35:07.865 [info] [Model][openRepository] Opened repository (kind): repository
2026-03-15 10:35:07.880 [info] [Model][doInitialScan] Initial repository scan completed - repositories (1), closed repositories (0), parent repositories (0), unsafe repositories (0)
2026-03-15 10:35:07.978 [info] > git config --get commit.template [87ms]
2026-03-15 10:35:08.046 [info] > git for-each-ref --format=%(refname)%00%(upstream:short)%00%(objectname)%00%(upstream:track)%00%(upstream:remotename)%00%(upstream:remoteref) refs/heads/main refs/remotes/main [4ms]
2026-03-15 10:35:08.072 [info] > git for-each-ref --sort -committerdate --format %(refname)%00%(objectname)%00%(*objectname) [7ms]
2026-03-15 10:35:08.396 [info] > git status -z -uall [340ms]
2026-03-15 10:35:08.536 [info] > git for-each-ref --format=%(refname)%00%(upstream:short)%00%(objectname)%00%(upstream:track)%00%(upstream:remotename)%00%(upstream:remoteref) refs/heads/main refs/remotes/main [82ms]
2026-03-15 10:35:08.667 [info] > git check-ignore -v -z --stdin [119ms]
2026-03-15 10:35:08.668 [info] > git config --get --local branch.main.vscode-merge-base [127ms]
2026-03-15 10:35:08.668 [warning] [Git][config] git config failed: Failed to execute git
2026-03-15 10:35:08.672 [info] > git config --get commit.template [137ms]
2026-03-15 10:35:08.692 [info] > git reflog main --grep-reflog=branch: Created from *. [20ms]
2026-03-15 10:35:08.700 [info] > git for-each-ref --format=%(refname)%00%(upstream:short)%00%(objectname)%00%(upstream:track)%00%(upstream:remotename)%00%(upstream:remoteref) refs/heads/main refs/remotes/main [12ms]
2026-03-15 10:35:08.702 [info] > git symbolic-ref --short refs/remotes/origin/HEAD [4ms]
2026-03-15 10:35:08.702 [info] fatal: ref refs/remotes/origin/HEAD is not a symbolic ref
2026-03-15 10:35:08.702 [warning] [Repository][getDefaultBranch] Failed to get default branch details: Failed to execute git.
2026-03-15 10:35:08.728 [info] > git merge-base refs/heads/main refs/remotes/origin/main [21ms]
2026-03-15 10:35:08.735 [info] > git for-each-ref --sort -committerdate --format %(refname)%00%(objectname)%00%(*objectname) [10ms]
2026-03-15 10:35:08.737 [info] > git diff --raw --numstat --diff-filter=ADMR -z --find-renames=50% 4d389f53dcdc8efcb348df8e2af4d023c643b7bd...refs/remotes/origin/main -- [3ms]
2026-03-15 10:35:08.846 [info] > git status -z -uall [131ms]
2026-03-15 10:35:10.277 [info] > git config --get commit.template [14ms]
2026-03-15 10:35:10.280 [info] > git for-each-ref --format=%(refname)%00%(upstream:short)%00%(objectname)%00%(upstream:track)%00%(upstream:remotename)%00%(upstream:remoteref) refs/heads/main refs/remotes/main [6ms]
2026-03-15 10:35:10.299 [info] > git for-each-ref --sort -committerdate --format %(refname)%00%(objectname)%00%(*objectname) [3ms]
2026-03-15 10:35:10.388 [info] > git status -z -uall [100ms]
2026-03-15 10:35:15.430 [info] > git config --get commit.template [16ms]
2026-03-15 10:35:15.432 [info] > git for-each-ref --format=%(refname)%00%(upstream:short)%00%(objectname)%00%(upstream:track)%00%(upstream:remotename)%00%(upstream:remoteref) refs/heads/main refs/remotes/main [5ms]
2026-03-15 10:35:15.464 [info] > git for-each-ref --sort -committerdate --format %(refname)%00%(objectname)%00%(*objectname) [2ms]
2026-03-15 10:35:15.572 [info] > git status -z -uall [126ms]
2026-03-15 10:35:20.620 [info] > git config --get commit.template [18ms]
2026-03-15 10:35:20.624 [info] > git for-each-ref --format=%(refname)%00%(upstream:short)%00%(objectname)%00%(upstream:track)%00%(upstream:remotename)%00%(upstream:remoteref) refs/heads/main refs/remotes/main [6ms]
2026-03-15 10:35:20.655 [info] > git for-each-ref --sort -committerdate --format %(refname)%00%(objectname)%00%(*objectname) [3ms]
2026-03-15 10:35:20.751 [info] > git status -z -uall [114ms]
2026-03-15 10:35:56.313 [info] > git config --get commit.template [9ms]
2026-03-15 10:35:56.314 [info] > git for-each-ref --format=%(refname)%00%(upstream:short)%00%(objectname)%00%(upstream:track)%00%(upstream:remotename)%00%(upstream:remoteref) refs/heads/main refs/remotes/main [3ms]
2026-03-15 10:35:56.340 [info] > git for-each-ref --sort -committerdate --format %(refname)%00%(objectname)%00%(*objectname) [3ms]
2026-03-15 10:35:56.484 [info] > git status -z -uall [162ms]
2026-03-15 10:36:03.499 [info] > git config --get commit.template [27ms]
2026-03-15 10:36:03.502 [info] > git for-each-ref --format=%(refname)%00%(upstream:short)%00%(objectname)%00%(upstream:track)%00%(upstream:remotename)%00%(upstream:remoteref) refs/heads/main refs/remotes/main [11ms]
2026-03-15 10:36:03.544 [info] > git for-each-ref --sort -committerdate --format %(refname)%00%(objectname)%00%(*objectname) [4ms]
2026-03-15 10:36:03.652 [info] > git status -z -uall [135ms]
2026-03-15 10:36:08.691 [info] > git config --get commit.template [14ms]
2026-03-15 10:36:08.695 [info] > git for-each-ref --format=%(refname)%00%(upstream:short)%00%(objectname)%00%(upstream:track)%00%(upstream:remotename)%00%(upstream:remoteref) refs/heads/main refs/remotes/main [6ms]
2026-03-15 10:36:08.721 [info] > git for-each-ref --sort -committerdate --format %(refname)%00%(objectname)%00%(*objectname) [4ms]
2026-03-15 10:36:08.811 [info] > git status -z -uall [104ms]
2026-03-15 10:36:13.842 [info] > git config --get commit.template [6ms]
2026-03-15 10:36:13.861 [info] > git for-each-ref --format=%(refname)%00%(upstream:short)%00%(objectname)%00%(upstream:track)%00%(upstream:remotename)%00%(upstream:remoteref) refs/heads/main refs/remotes/main [7ms]
2026-03-15 10:36:13.883 [info] > git for-each-ref --sort -committerdate --format %(refname)%00%(objectname)%00%(*objectname) [1ms]
2026-03-15 10:36:13.976 [info] > git status -z -uall [103ms]
2026-03-15 10:36:18.995 [info] > git config --get commit.template [6ms]
2026-03-15 10:36:18.996 [info] > git for-each-ref --format=%(refname)%00%(upstream:short)%00%(objectname)%00%(upstream:track)%00%(upstream:remotename)%00%(upstream:remoteref) refs/heads/main refs/remotes/main [2ms]
2026-03-15 10:36:19.010 [info] > git for-each-ref --sort -committerdate --format %(refname)%00%(objectname)%00%(*objectname) [3ms]
2026-03-15 10:36:19.100 [info] > git status -z -uall [99ms]
2026-03-15 10:36:24.121 [info] > git config --get commit.template [5ms]
2026-03-15 10:36:24.122 [info] > git for-each-ref --format=%(refname)%00%(upstream:short)%00%(objectname)%00%(upstream:track)%00%(upstream:remotename)%00%(upstream:remoteref) refs/heads/main refs/remotes/main [2ms]
2026-03-15 10:36:24.138 [info] > git for-each-ref --sort -committerdate --format %(refname)%00%(objectname)%00%(*objectname) [1ms]
2026-03-15 10:36:24.235 [info] > git status -z -uall [110ms]
2026-03-15 10:36:29.257 [info] > git config --get commit.template [5ms]
2026-03-15 10:36:29.258 [info] > git for-each-ref --format=%(refname)%00%(upstream:short)%00%(objectname)%00%(upstream:track)%00%(upstream:remotename)%00%(upstream:remoteref) refs/heads/main refs/remotes/main [1ms]
2026-03-15 10:36:29.274 [info] > git for-each-ref --sort -committerdate --format %(refname)%00%(objectname)%00%(*objectname) [3ms]
2026-03-15 10:36:29.364 [info] > git status -z -uall [101ms]
2026-03-15 10:36:34.384 [info] > git config --get commit.template [5ms]
2026-03-15 10:36:34.385 [info] > git for-each-ref --format=%(refname)%00%(upstream:short)%00%(objectname)%00%(upstream:track)%00%(upstream:remotename)%00%(upstream:remoteref) refs/heads/main refs/remotes/main [2ms]
2026-03-15 10:36:34.398 [info] > git for-each-ref --sort -committerdate --format %(refname)%00%(objectname)%00%(*objectname) [3ms]
2026-03-15 10:36:34.488 [info] > git status -z -uall [99ms]
2026-03-15 10:36:39.529 [info] > git config --get commit.template [15ms]
2026-03-15 10:36:39.532 [info] > git for-each-ref --format=%(refname)%00%(upstream:short)%00%(objectname)%00%(upstream:track)%00%(upstream:remotename)%00%(upstream:remoteref) refs/heads/main refs/remotes/main [5ms]
2026-03-15 10:36:39.562 [info] > git for-each-ref --sort -committerdate --format %(refname)%00%(objectname)%00%(*objectname) [4ms]
2026-03-15 10:36:39.657 [info] > git status -z -uall [112ms]
2026-03-15 10:36:44.699 [info] > git config --get commit.template [18ms]
2026-03-15 10:36:44.702 [info] > git for-each-ref --format=%(refname)%00%(upstream:short)%00%(objectname)%00%(upstream:track)%00%(upstream:remotename)%00%(upstream:remoteref) refs/heads/main refs/remotes/main [5ms]
2026-03-15 10:36:44.734 [info] > git for-each-ref --sort -committerdate --format %(refname)%00%(objectname)%00%(*objectname) [2ms]
2026-03-15 10:36:44.833 [info] > git status -z -uall [118ms]
2026-03-15 10:36:49.855 [info] > git config --get commit.template [7ms]
2026-03-15 10:36:49.857 [info] > git for-each-ref --format=%(refname)%00%(upstream:short)%00%(objectname)%00%(upstream:track)%00%(upstream:remotename)%00%(upstream:remoteref) refs/heads/main refs/remotes/main [3ms]
2026-03-15 10:36:49.883 [info] > git for-each-ref --sort -committerdate --format %(refname)%00%(objectname)%00%(*objectname) [4ms]
2026-03-15 10:36:50.017 [info] > git status -z -uall [153ms]
2026-03-15 10:37:11.106 [info] > git config --get commit.template [10ms]
2026-03-15 10:37:11.108 [info] > git for-each-ref --format=%(refname)%00%(upstream:short)%00%(objectname)%00%(upstream:track)%00%(upstream:remotename)%00%(upstream:remoteref) refs/heads/main refs/remotes/main [4ms]
2026-03-15 10:37:11.124 [info] > git for-each-ref --sort -committerdate --format %(refname)%00%(objectname)%00%(*objectname) [3ms]
2026-03-15 10:37:11.283 [info] > git status -z -uall [167ms]
2026-03-15 10:37:16.308 [info] > git config --get commit.template [6ms]
2026-03-15 10:37:16.309 [info] > git for-each-ref --format=%(refname)%00%(upstream:short)%00%(objectname)%00%(upstream:track)%00%(upstream:remotename)%00%(upstream:remoteref) refs/heads/main refs/remotes/main [2ms]
2026-03-15 10:37:16.322 [info] > git for-each-ref --sort -committerdate --format %(refname)%00%(objectname)%00%(*objectname) [2ms]
2026-03-15 10:37:16.428 [info] > git status -z -uall [114ms]
2026-03-15 10:37:21.471 [info] > git config --get commit.template [14ms]
2026-03-15 10:37:21.473 [info] > git for-each-ref --format=%(refname)%00%(upstream:short)%00%(objectname)%00%(upstream:track)%00%(upstream:remotename)%00%(upstream:remoteref) refs/heads/main refs/remotes/main [4ms]
2026-03-15 10:37:21.489 [info] > git for-each-ref --sort -committerdate --format %(refname)%00%(objectname)%00%(*objectname) [2ms]
2026-03-15 10:37:21.579 [info] > git status -z -uall [100ms]
2026-03-15 10:37:26.619 [info] > git config --get commit.template [16ms]
2026-03-15 10:37:26.623 [info] > git for-each-ref --format=%(refname)%00%(upstream:short)%00%(objectname)%00%(upstream:track)%00%(upstream:remotename)%00%(upstream:remoteref) refs/heads/main refs/remotes/main [7ms]
2026-03-15 10:37:26.642 [info] > git for-each-ref --sort -committerdate --format %(refname)%00%(objectname)%00%(*objectname) [2ms]
2026-03-15 10:37:26.744 [info] > git status -z -uall [112ms]
2026-03-15 10:37:31.785 [info] > git config --get commit.template [16ms]
2026-03-15 10:37:31.790 [info] > git for-each-ref --format=%(refname)%00%(upstream:short)%00%(objectname)%00%(upstream:track)%00%(upstream:remotename)%00%(upstream:remoteref) refs/heads/main refs/remotes/main [7ms]
2026-03-15 10:37:31.847 [info] > git for-each-ref --sort -committerdate --format %(refname)%00%(objectname)%00%(*objectname) [10ms]
2026-03-15 10:37:31.960 [info] > git status -z -uall [156ms]
2026-03-15 10:37:36.982 [info] > git config --get commit.template [6ms]
2026-03-15 10:37:36.983 [info] > git for-each-ref --format=%(refname)%00%(upstream:short)%00%(objectname)%00%(upstream:track)%00%(upstream:remotename)%00%(upstream:remoteref) refs/heads/main refs/remotes/main [1ms]
2026-03-15 10:37:36.996 [info] > git for-each-ref --sort -committerdate --format %(refname)%00%(objectname)%00%(*objectname) [2ms]
2026-03-15 10:37:37.090 [info] > git status -z -uall [103ms]
2026-03-15 10:37:42.110 [info] > git config --get commit.template [5ms]
2026-03-15 10:37:42.111 [info] > git for-each-ref --format=%(refname)%00%(upstream:short)%00%(objectname)%00%(upstream:track)%00%(upstream:remotename)%00%(upstream:remoteref) refs/heads/main refs/remotes/main [2ms]
2026-03-15 10:37:42.123 [info] > git for-each-ref --sort -committerdate --format %(refname)%00%(objectname)%00%(*objectname) [4ms]
2026-03-15 10:37:42.214 [info] > git status -z -uall [99ms]
2026-03-15 10:37:47.233 [info] > git config --get commit.template [5ms]
2026-03-15 10:37:47.234 [info] > git for-each-ref --format=%(refname)%00%(upstream:short)%00%(objectname)%00%(upstream:track)%00%(upstream:remotename)%00%(upstream:remoteref) refs/heads/main refs/remotes/main [2ms]
2026-03-15 10:37:47.248 [info] > git for-each-ref --sort -committerdate --format %(refname)%00%(objectname)%00%(*objectname) [3ms]
2026-03-15 10:37:47.345 [info] > git status -z -uall [107ms]
2026-03-15 10:37:53.006 [info] > git config --get commit.template [8ms]
2026-03-15 10:37:53.007 [info] > git for-each-ref --format=%(refname)%00%(upstream:short)%00%(objectname)%00%(upstream:track)%00%(upstream:remotename)%00%(upstream:remoteref) refs/heads/main refs/remotes/main [3ms]
2026-03-15 10:37:53.023 [info] > git for-each-ref --sort -committerdate --format %(refname)%00%(objectname)%00%(*objectname) [5ms]
2026-03-15 10:37:53.197 [info] > git status -z -uall [185ms]
2026-03-15 10:37:58.222 [info] > git config --get commit.template [4ms]
2026-03-15 10:37:58.223 [info] > git for-each-ref --format=%(refname)%00%(upstream:short)%00%(objectname)%00%(upstream:track)%00%(upstream:remotename)%00%(upstream:remoteref) refs/heads/main refs/remotes/main [2ms]
2026-03-15 10:37:58.233 [info] > git for-each-ref --sort -committerdate --format %(refname)%00%(objectname)%00%(*objectname) [2ms]
2026-03-15 10:37:58.326 [info] > git status -z -uall [99ms]
2026-03-15 10:38:03.371 [info] > git config --get commit.template [19ms]
2026-03-15 10:38:03.374 [info] > git for-each-ref --format=%(refname)%00%(upstream:short)%00%(objectname)%00%(upstream:track)%00%(upstream:remotename)%00%(upstream:remoteref) refs/heads/main refs/remotes/main [6ms]
2026-03-15 10:38:03.413 [info] > git for-each-ref --sort -committerdate --format %(refname)%00%(objectname)%00%(*objectname) [2ms]
2026-03-15 10:38:03.515 [info] > git status -z -uall [128ms]
2026-03-15 10:38:08.562 [info] > git config --get commit.template [15ms]
2026-03-15 10:38:08.565 [info] > git for-each-ref --format=%(refname)%00%(upstream:short)%00%(objectname)%00%(upstream:track)%00%(upstream:remotename)%00%(upstream:remoteref) refs/heads/main refs/remotes/main [6ms]
2026-03-15 10:38:08.590 [info] > git for-each-ref --sort -committerdate --format %(refname)%00%(objectname)%00%(*objectname) [4ms]
2026-03-15 10:38:08.683 [info] > git status -z -uall [107ms]
2026-03-15 10:38:13.709 [info] > git config --get commit.template [5ms]
2026-03-15 10:38:13.710 [info] > git for-each-ref --format=%(refname)%00%(upstream:short)%00%(objectname)%00%(upstream:track)%00%(upstream:remotename)%00%(upstream:remoteref) refs/heads/main refs/remotes/main [2ms]
2026-03-15 10:38:13.724 [info] > git for-each-ref --sort -committerdate --format %(refname)%00%(objectname)%00%(*objectname) [2ms]
2026-03-15 10:38:13.816 [info] > git status -z -uall [101ms]
2026-03-15 10:38:18.856 [info] > git config --get commit.template [15ms]
2026-03-15 10:38:18.860 [info] > git for-each-ref --format=%(refname)%00%(upstream:short)%00%(objectname)%00%(upstream:track)%00%(upstream:remotename)%00%(upstream:remoteref) refs/heads/main refs/remotes/main [6ms]
2026-03-15 10:38:18.891 [info] > git for-each-ref --sort -committerdate --format %(refname)%00%(objectname)%00%(*objectname) [4ms]
2026-03-15 10:38:18.986 [info] > git status -z -uall [114ms]
2026-03-15 10:38:24.017 [info] > git config --get commit.template [4ms]
2026-03-15 10:38:24.018 [info] > git for-each-ref --format=%(refname)%00%(upstream:short)%00%(objectname)%00%(upstream:track)%00%(upstream:remotename)%00%(upstream:remoteref) refs/heads/main refs/remotes/main [2ms]
2026-03-15 10:38:24.029 [info] > git for-each-ref --sort -committerdate --format %(refname)%00%(objectname)%00%(*objectname) [1ms]
2026-03-15 10:38:24.117 [info] > git status -z -uall [96ms]
2026-03-15 10:38:29.140 [info] > git config --get commit.template [6ms]
2026-03-15 10:38:29.141 [info] > git for-each-ref --format=%(refname)%00%(upstream:short)%00%(objectname)%00%(upstream:track)%00%(upstream:remotename)%00%(upstream:remoteref) refs/heads/main refs/remotes/main [2ms]
2026-03-15 10:38:29.155 [info] > git for-each-ref --sort -committerdate --format %(refname)%00%(objectname)%00%(*objectname) [2ms]
2026-03-15 10:38:29.250 [info] > git status -z -uall [104ms]
2026-03-15 10:38:34.292 [info] > git config --get commit.template [14ms]
2026-03-15 10:38:34.296 [info] > git for-each-ref --format=%(refname)%00%(upstream:short)%00%(objectname)%00%(upstream:track)%00%(upstream:remotename)%00%(upstream:remoteref) refs/heads/main refs/remotes/main [6ms]
2026-03-15 10:38:34.330 [info] > git for-each-ref --sort -committerdate --format %(refname)%00%(objectname)%00%(*objectname) [4ms]
2026-03-15 10:38:34.424 [info] > git status -z -uall [116ms]
2026-03-15 10:38:39.462 [info] > git config --get commit.template [15ms]
2026-03-15 10:38:39.464 [info] > git for-each-ref --format=%(refname)%00%(upstream:short)%00%(objectname)%00%(upstream:track)%00%(upstream:remotename)%00%(upstream:remoteref) refs/heads/main refs/remotes/main [4ms]
2026-03-15 10:38:39.480 [info] > git for-each-ref --sort -committerdate --format %(refname)%00%(objectname)%00%(*objectname) [1ms]
2026-03-15 10:38:39.572 [info] > git status -z -uall [103ms]
2026-03-15 10:38:44.591 [info] > git config --get commit.template [4ms]
2026-03-15 10:38:44.592 [info] > git for-each-ref --format=%(refname)%00%(upstream:short)%00%(objectname)%00%(upstream:track)%00%(upstream:remotename)%00%(upstream:remoteref) refs/heads/main refs/remotes/main [1ms]
2026-03-15 10:38:44.604 [info] > git for-each-ref --sort -committerdate --format %(refname)%00%(objectname)%00%(*objectname) [2ms]
2026-03-15 10:38:44.699 [info] > git status -z -uall [104ms]
2026-03-15 10:38:49.737 [info] > git config --get commit.template [15ms]
2026-03-15 10:38:49.740 [info] > git for-each-ref --format=%(refname)%00%(upstream:short)%00%(objectname)%00%(upstream:track)%00%(upstream:remotename)%00%(upstream:remoteref) refs/heads/main refs/remotes/main [6ms]
2026-03-15 10:38:49.759 [info] > git for-each-ref --sort -committerdate --format %(refname)%00%(objectname)%00%(*objectname) [2ms]
2026-03-15 10:38:49.850 [info] > git status -z -uall [102ms]
2026-03-15 10:38:58.186 [info] > git config --get commit.template [14ms]
2026-03-15 10:38:58.186 [info] > git for-each-ref --format=%(refname)%00%(upstream:short)%00%(objectname)%00%(upstream:track)%00%(upstream:remotename)%00%(upstream:remoteref) refs/heads/main refs/remotes/main [1ms]
2026-03-15 10:38:58.215 [info] > git for-each-ref --sort -committerdate --format %(refname)%00%(objectname)%00%(*objectname) [3ms]
2026-03-15 10:38:58.328 [info] > git status -z -uall [134ms]
2026-03-15 10:39:32.718 [info] > git config --get commit.template [16ms]
2026-03-15 10:39:32.724 [info] > git for-each-ref --format=%(refname)%00%(upstream:short)%00%(objectname)%00%(upstream:track)%00%(upstream:remotename)%00%(upstream:remoteref) refs/heads/main refs/remotes/main [11ms]
2026-03-15 10:39:32.751 [info] > git for-each-ref --sort -committerdate --format %(refname)%00%(objectname)%00%(*objectname) [4ms]
2026-03-15 10:39:32.891 [info] > git status -z -uall [159ms]
2026-03-15 10:39:39.536 [info] > git config --get commit.template [12ms]
2026-03-15 10:39:39.538 [info] > git for-each-ref --format=%(refname)%00%(upstream:short)%00%(objectname)%00%(upstream:track)%00%(upstream:remotename)%00%(upstream:remoteref) refs/heads/main refs/remotes/main [5ms]
2026-03-15 10:39:39.560 [info] > git for-each-ref --sort -committerdate --format %(refname)%00%(objectname)%00%(*objectname) [4ms]
2026-03-15 10:39:39.687 [info] > git status -z -uall [142ms]
2026-03-15 10:39:44.728 [info] > git config --get commit.template [15ms]
2026-03-15 10:39:44.730 [info] > git for-each-ref --format=%(refname)%00%(upstream:short)%00%(objectname)%00%(upstream:track)%00%(upstream:remotename)%00%(upstream:remoteref) refs/heads/main refs/remotes/main [3ms]
2026-03-15 10:39:44.750 [info] > git for-each-ref --sort -committerdate --format %(refname)%00%(objectname)%00%(*objectname) [2ms]
2026-03-15 10:39:44.873 [info] > git status -z -uall [134ms]
2026-03-15 10:39:49.924 [info] > git config --get commit.template [18ms]
2026-03-15 10:39:49.928 [info] > git for-each-ref --format=%(refname)%00%(upstream:short)%00%(objectname)%00%(upstream:track)%00%(upstream:remotename)%00%(upstream:remoteref) refs/heads/main refs/remotes/main [6ms]
2026-03-15 10:39:49.948 [info] > git for-each-ref --sort -committerdate --format %(refname)%00%(objectname)%00%(*objectname) [3ms]
2026-03-15 10:39:50.049 [info] > git status -z -uall [113ms]
2026-03-15 10:39:55.097 [info] > git config --get commit.template [18ms]
2026-03-15 10:39:55.101 [info] > git for-each-ref --format=%(refname)%00%(upstream:short)%00%(objectname)%00%(upstream:track)%00%(upstream:remotename)%00%(upstream:remoteref) refs/heads/main refs/remotes/main [7ms]
2026-03-15 10:39:55.121 [info] > git for-each-ref --sort -committerdate --format %(refname)%00%(objectname)%00%(*objectname) [2ms]
2026-03-15 10:39:55.223 [info] > git status -z -uall [114ms]
2026-03-15 10:40:00.352 [info] > git config --get commit.template [15ms]
2026-03-15 10:40:00.355 [info] > git for-each-ref --format=%(refname)%00%(upstream:short)%00%(objectname)%00%(upstream:track)%00%(upstream:remotename)%00%(upstream:remoteref) refs/heads/main refs/remotes/main [4ms]
2026-03-15 10:40:00.372 [info] > git for-each-ref --sort -committerdate --format %(refname)%00%(objectname)%00%(*objectname) [3ms]
2026-03-15 10:40:00.465 [info] > git status -z -uall [103ms]
2026-03-15 10:40:05.484 [info] > git config --get commit.template [5ms]
2026-03-15 10:40:05.484 [info] > git for-each-ref --format=%(refname)%00%(upstream:short)%00%(objectname)%00%(upstream:track)%00%(upstream:remotename)%00%(upstream:remoteref) refs/heads/main refs/remotes/main [1ms]
2026-03-15 10:40:05.496 [info] > git for-each-ref --sort -committerdate --format %(refname)%00%(objectname)%00%(*objectname) [1ms]
2026-03-15 10:40:05.586 [info] > git status -z -uall [97ms]
2026-03-15 10:40:10.605 [info] > git config --get commit.template [5ms]
2026-03-15 10:40:10.606 [info] > git for-each-ref --format=%(refname)%00%(upstream:short)%00%(objectname)%00%(upstream:track)%00%(upstream:remotename)%00%(upstream:remoteref) refs/heads/main refs/remotes/main [2ms]
2026-03-15 10:40:10.621 [info] > git for-each-ref --sort -committerdate --format %(refname)%00%(objectname)%00%(*objectname) [2ms]
2026-03-15 10:40:10.714 [info] > git status -z -uall [103ms]
2026-03-15 10:40:38.522 [info] > git config --get commit.template [2ms]
2026-03-15 10:40:38.534 [info] > git for-each-ref --format=%(refname)%00%(upstream:short)%00%(objectname)%00%(upstream:track)%00%(upstream:remotename)%00%(upstream:remoteref) refs/heads/main refs/remotes/main [5ms]
2026-03-15 10:40:38.553 [info] > git for-each-ref --sort -committerdate --format %(refname)%00%(objectname)%00%(*objectname) [2ms]
2026-03-15 10:40:38.663 [info] > git status -z -uall [125ms]
2026-03-15 10:40:46.812 [info] > git config --get commit.template [37ms]
2026-03-15 10:40:46.824 [info] > git for-each-ref --format=%(refname)%00%(upstream:short)%00%(objectname)%00%(upstream:track)%00%(upstream:remotename)%00%(upstream:remoteref) refs/heads/main refs/remotes/main [18ms]
2026-03-15 10:40:46.858 [info] > git for-each-ref --sort -committerdate --format %(refname)%00%(objectname)%00%(*objectname) [2ms]
2026-03-15 10:40:47.011 [info] > git status -z -uall [173ms]
2026-03-15 10:41:04.333 [info] > git config --get commit.template [5ms]
2026-03-15 10:41:04.346 [info] > git for-each-ref --format=%(refname)%00%(upstream:short)%00%(objectname)%00%(upstream:track)%00%(upstream:remotename)%00%(upstream:remoteref) refs/heads/main refs/remotes/main [3ms]
2026-03-15 10:41:04.362 [info] > git for-each-ref --sort -committerdate --format %(refname)%00%(objectname)%00%(*objectname) [0ms]
2026-03-15 10:41:04.471 [info] > git status -z -uall [117ms]
2026-03-15 10:41:10.558 [info] > git config --get commit.template [16ms]
2026-03-15 10:41:10.561 [info] > git for-each-ref --format=%(refname)%00%(upstream:short)%00%(objectname)%00%(upstream:track)%00%(upstream:remotename)%00%(upstream:remoteref) refs/heads/main refs/remotes/main [7ms]
2026-03-15 10:41:10.590 [info] > git for-each-ref --sort -committerdate --format %(refname)%00%(objectname)%00%(*objectname) [13ms]
2026-03-15 10:41:10.726 [info] > git status -z -uall [158ms]
2026-03-15 10:41:15.783 [info] > git config --get commit.template [21ms]
2026-03-15 10:41:15.792 [info] > git for-each-ref --format=%(refname)%00%(upstream:short)%00%(objectname)%00%(upstream:track)%00%(upstream:remotename)%00%(upstream:remoteref) refs/heads/main refs/remotes/main [11ms]
2026-03-15 10:41:15.841 [info] > git for-each-ref --sort -committerdate --format %(refname)%00%(objectname)%00%(*objectname) [6ms]
2026-03-15 10:41:16.063 [info] > git status -z -uall [252ms]
2026-03-15 10:41:21.083 [info] > git config --get commit.template [2ms]
2026-03-15 10:41:21.089 [info] > git for-each-ref --format=%(refname)%00%(upstream:short)%00%(objectname)%00%(upstream:track)%00%(upstream:remotename)%00%(upstream:remoteref) refs/heads/main refs/remotes/main [2ms]
2026-03-15 10:41:21.103 [info] > git for-each-ref --sort -committerdate --format %(refname)%00%(objectname)%00%(*objectname) [3ms]
2026-03-15 10:41:21.192 [info] > git status -z -uall [99ms]
2026-03-15 10:41:56.166 [info] > git config --get commit.template [9ms]
2026-03-15 10:41:56.186 [info] > git for-each-ref --format=%(refname)%00%(upstream:short)%00%(objectname)%00%(upstream:track)%00%(upstream:remotename)%00%(upstream:remoteref) refs/heads/main refs/remotes/main [5ms]
2026-03-15 10:41:56.217 [info] > git for-each-ref --sort -committerdate --format %(refname)%00%(objectname)%00%(*objectname) [6ms]
2026-03-15 10:41:56.332 [info] > git status -z -uall [137ms]
2026-03-15 10:42:01.376 [info] > git config --get commit.template [16ms]
2026-03-15 10:42:01.378 [info] > git for-each-ref --format=%(refname)%00%(upstream:short)%00%(objectname)%00%(upstream:track)%00%(upstream:remotename)%00%(upstream:remoteref) refs/heads/main refs/remotes/main [5ms]
2026-03-15 10:42:01.408 [info] > git for-each-ref --sort -committerdate --format %(refname)%00%(objectname)%00%(*objectname) [5ms]
2026-03-15 10:42:01.505 [info] > git status -z -uall [115ms]
2026-03-15 10:42:06.543 [info] > git config --get commit.template [12ms]
2026-03-15 10:42:06.545 [info] > git for-each-ref --format=%(refname)%00%(upstream:short)%00%(objectname)%00%(upstream:track)%00%(upstream:remotename)%00%(upstream:remoteref) refs/heads/main refs/remotes/main [3ms]
2026-03-15 10:42:06.559 [info] > git for-each-ref --sort -committerdate --format %(refname)%00%(objectname)%00%(*objectname) [2ms]
2026-03-15 10:42:06.675 [info] > git status -z -uall [124ms]
2026-03-15 10:42:24.632 [info] > git config --get commit.template [10ms]
2026-03-15 10:42:24.634 [info] > git for-each-ref --format=%(refname)%00%(upstream:short)%00%(objectname)%00%(upstream:track)%00%(upstream:remotename)%00%(upstream:remoteref) refs/heads/main refs/remotes/main [4ms]
2026-03-15 10:42:24.652 [info] > git for-each-ref --sort -committerdate --format %(refname)%00%(objectname)%00%(*objectname) [5ms]
2026-03-15 10:42:24.766 [info] > git status -z -uall [127ms]
2026-03-15 10:42:29.786 [info] > git config --get commit.template [4ms]
2026-03-15 10:42:29.787 [info] > git for-each-ref --format=%(refname)%00%(upstream:short)%00%(objectname)%00%(upstream:track)%00%(upstream:remotename)%00%(upstream:remoteref) refs/heads/main refs/remotes/main [1ms]
2026-03-15 10:42:29.798 [info] > git for-each-ref --sort -committerdate --format %(refname)%00%(objectname)%00%(*objectname) [2ms]
2026-03-15 10:42:29.909 [info] > git status -z -uall [118ms]
2026-03-15 10:42:34.957 [info] > git config --get commit.template [15ms]
2026-03-15 10:42:34.960 [info] > git for-each-ref --format=%(refname)%00%(upstream:short)%00%(objectname)%00%(upstream:track)%00%(upstream:remotename)%00%(upstream:remoteref) refs/heads/main refs/remotes/main [5ms]
2026-03-15 10:42:34.974 [info] > git for-each-ref --sort -committerdate --format %(refname)%00%(objectname)%00%(*objectname) [2ms]
2026-03-15 10:42:35.068 [info] > git status -z -uall [102ms]
2026-03-15 10:42:40.966 [info] > git config --get commit.template [15ms]
2026-03-15 10:42:40.967 [info] > git for-each-ref --format=%(refname)%00%(upstream:short)%00%(objectname)%00%(upstream:track)%00%(upstream:remotename)%00%(upstream:remoteref) refs/heads/main refs/remotes/main [2ms]
2026-03-15 10:42:41.004 [info] > git for-each-ref --sort -committerdate --format %(refname)%00%(objectname)%00%(*objectname) [5ms]
2026-03-15 10:42:41.145 [info] > git status -z -uall [159ms]
2026-03-15 10:42:47.002 [info] > git config --get commit.template [11ms]
2026-03-15 10:42:47.004 [info] > git for-each-ref --format=%(refname)%00%(upstream:short)%00%(objectname)%00%(upstream:track)%00%(upstream:remotename)%00%(upstream:remoteref) refs/heads/main refs/remotes/main [4ms]
2026-03-15 10:42:47.024 [info] > git for-each-ref --sort -committerdate --format %(refname)%00%(objectname)%00%(*objectname) [3ms]
2026-03-15 10:42:47.186 [info] > git status -z -uall [173ms]
2026-03-15 10:42:52.218 [info] > git config --get commit.template [5ms]
2026-03-15 10:42:52.219 [info] > git for-each-ref --format=%(refname)%00%(upstream:short)%00%(objectname)%00%(upstream:track)%00%(upstream:remotename)%00%(upstream:remoteref) refs/heads/main refs/remotes/main [2ms]
2026-03-15 10:42:52.233 [info] > git for-each-ref --sort -committerdate --format %(refname)%00%(objectname)%00%(*objectname) [4ms]
2026-03-15 10:42:52.329 [info] > git status -z -uall [106ms]
2026-03-15 10:43:26.680 [info] > git config --get commit.template [8ms]
2026-03-15 10:43:26.681 [info] > git for-each-ref --format=%(refname)%00%(upstream:short)%00%(objectname)%00%(upstream:track)%00%(upstream:remotename)%00%(upstream:remoteref) refs/heads/main refs/remotes/main [2ms]
2026-03-15 10:43:26.713 [info] > git for-each-ref --sort -committerdate --format %(refname)%00%(objectname)%00%(*objectname) [5ms]
2026-03-15 10:43:26.862 [info] > git status -z -uall [175ms]
