2026-03-14 21:44:00.547 [info] [main] Log level: Info
2026-03-14 21:44:00.547 [info] [main] Validating found git in: "git"
2026-03-14 21:44:00.547 [info] [main] Using git "2.53.0" from "git"
2026-03-14 21:44:00.547 [info] [Model][doInitialScan] Initial repository scan started
2026-03-14 21:44:00.547 [info] > git rev-parse --show-toplevel [13ms]
2026-03-14 21:44:00.547 [info] > git rev-parse --git-dir --git-common-dir --show-superproject-working-tree [7ms]
2026-03-14 21:44:00.547 [info] [Model][openRepository] Opened repository (path): /home/pedro/.config
2026-03-14 21:44:00.547 [info] [Model][openRepository] Opened repository (real path): /home/pedro/.config
2026-03-14 21:44:00.547 [info] [Model][openRepository] Opened repository (kind): repository
2026-03-14 21:44:00.547 [info] [Model][doInitialScan] Initial repository scan completed - repositories (1), closed repositories (0), parent repositories (0), unsafe repositories (0)
2026-03-14 21:44:00.547 [info] > git config --get commit.template [7ms]
2026-03-14 21:44:00.548 [info] > git for-each-ref --format=%(refname)%00%(upstream:short)%00%(objectname)%00%(upstream:track)%00%(upstream:remotename)%00%(upstream:remoteref) refs/heads/main refs/remotes/main [26ms]
2026-03-14 21:44:00.610 [info] > git for-each-ref --sort -committerdate --format %(refname)%00%(objectname)%00%(*objectname) [4ms]
2026-03-14 21:44:00.759 [info] > git status -z -uall [159ms]
2026-03-14 21:44:00.852 [info] > git for-each-ref --format=%(refname)%00%(upstream:short)%00%(objectname)%00%(upstream:track)%00%(upstream:remotename)%00%(upstream:remoteref) refs/heads/main refs/remotes/main [15ms]
2026-03-14 21:44:00.869 [info] > git config --get --local branch.main.vscode-merge-base [10ms]
2026-03-14 21:44:00.869 [warning] [Git][config] git config failed: Failed to execute git
2026-03-14 21:44:00.874 [info] > git config --get commit.template [28ms]
2026-03-14 21:44:01.154 [info] > git reflog main --grep-reflog=branch: Created from *. [280ms]
2026-03-14 21:44:01.183 [info] > git check-ignore -v -z --stdin [11ms]
2026-03-14 21:44:01.185 [info] > git symbolic-ref --short refs/remotes/origin/HEAD [21ms]
2026-03-14 21:44:01.185 [info] fatal: ref refs/remotes/origin/HEAD is not a symbolic ref
2026-03-14 21:44:01.185 [warning] [Repository][getDefaultBranch] Failed to get default branch details: Failed to execute git.
2026-03-14 21:44:01.197 [info] > git for-each-ref --format=%(refname)%00%(upstream:short)%00%(objectname)%00%(upstream:track)%00%(upstream:remotename)%00%(upstream:remoteref) refs/heads/main refs/remotes/main [15ms]
2026-03-14 21:44:01.199 [info] > git merge-base refs/heads/main refs/remotes/origin/main [7ms]
2026-03-14 21:44:01.207 [info] > git diff --raw --numstat --diff-filter=ADMR -z --find-renames=50% 5210e1ec0d5529f9861c9a6b40d54c3f2e6bf82a...refs/remotes/origin/main -- [2ms]
2026-03-14 21:44:01.238 [info] > git for-each-ref --sort -committerdate --format %(refname)%00%(objectname)%00%(*objectname) [4ms]
2026-03-14 21:44:01.352 [info] > git status -z -uall [136ms]
2026-03-14 21:44:28.614 [info] > git config --get commit.template [6ms]
2026-03-14 21:44:28.615 [info] > git for-each-ref --format=%(refname)%00%(upstream:short)%00%(objectname)%00%(upstream:track)%00%(upstream:remotename)%00%(upstream:remoteref) refs/heads/main refs/remotes/main [2ms]
2026-03-14 21:44:28.628 [info] > git for-each-ref --sort -committerdate --format %(refname)%00%(objectname)%00%(*objectname) [2ms]
2026-03-14 21:44:28.708 [info] > git status -z -uall [88ms]
2026-03-14 21:44:29.887 [info] > git check-ignore -v -z --stdin [3ms]
2026-03-14 21:44:33.750 [info] > git config --get commit.template [5ms]
2026-03-14 21:44:33.751 [info] > git for-each-ref --format=%(refname)%00%(upstream:short)%00%(objectname)%00%(upstream:track)%00%(upstream:remotename)%00%(upstream:remoteref) refs/heads/main refs/remotes/main [2ms]
2026-03-14 21:44:33.762 [info] > git for-each-ref --sort -committerdate --format %(refname)%00%(objectname)%00%(*objectname) [1ms]
2026-03-14 21:44:33.834 [info] > git status -z -uall [80ms]
2026-03-14 21:44:38.877 [info] > git config --get commit.template [5ms]
2026-03-14 21:44:38.878 [info] > git for-each-ref --format=%(refname)%00%(upstream:short)%00%(objectname)%00%(upstream:track)%00%(upstream:remotename)%00%(upstream:remoteref) refs/heads/main refs/remotes/main [2ms]
2026-03-14 21:44:38.891 [info] > git for-each-ref --sort -committerdate --format %(refname)%00%(objectname)%00%(*objectname) [3ms]
2026-03-14 21:44:38.966 [info] > git status -z -uall [84ms]
2026-03-14 22:37:51.814 [info] > git config --get commit.template [6ms]
2026-03-14 22:37:51.815 [info] > git for-each-ref --format=%(refname)%00%(upstream:short)%00%(objectname)%00%(upstream:track)%00%(upstream:remotename)%00%(upstream:remoteref) refs/heads/main refs/remotes/main [2ms]
2026-03-14 22:37:51.828 [info] > git for-each-ref --sort -committerdate --format %(refname)%00%(objectname)%00%(*objectname) [1ms]
2026-03-14 22:37:51.902 [info] > git status -z -uall [83ms]
2026-03-14 22:37:56.945 [info] > git config --get commit.template [6ms]
2026-03-14 22:37:56.946 [info] > git for-each-ref --format=%(refname)%00%(upstream:short)%00%(objectname)%00%(upstream:track)%00%(upstream:remotename)%00%(upstream:remoteref) refs/heads/main refs/remotes/main [3ms]
2026-03-14 22:37:56.957 [info] > git for-each-ref --sort -committerdate --format %(refname)%00%(objectname)%00%(*objectname) [1ms]
2026-03-14 22:37:57.030 [info] > git status -z -uall [80ms]
2026-03-14 22:38:02.078 [info] > git config --get commit.template [7ms]
2026-03-14 22:38:02.079 [info] > git for-each-ref --format=%(refname)%00%(upstream:short)%00%(objectname)%00%(upstream:track)%00%(upstream:remotename)%00%(upstream:remoteref) refs/heads/main refs/remotes/main [2ms]
2026-03-14 22:38:02.096 [info] > git for-each-ref --sort -committerdate --format %(refname)%00%(objectname)%00%(*objectname) [3ms]
2026-03-14 22:38:02.197 [info] > git status -z -uall [111ms]
2026-03-14 22:38:07.236 [info] > git config --get commit.template [7ms]
2026-03-14 22:38:07.248 [info] > git for-each-ref --format=%(refname)%00%(upstream:short)%00%(objectname)%00%(upstream:track)%00%(upstream:remotename)%00%(upstream:remoteref) refs/heads/main refs/remotes/main [2ms]
2026-03-14 22:38:07.286 [info] > git for-each-ref --sort -committerdate --format %(refname)%00%(objectname)%00%(*objectname) [12ms]
2026-03-14 22:38:07.352 [info] > git status -z -uall [90ms]
2026-03-14 22:38:12.384 [info] > git config --get commit.template [5ms]
2026-03-14 22:38:12.386 [info] > git for-each-ref --format=%(refname)%00%(upstream:short)%00%(objectname)%00%(upstream:track)%00%(upstream:remotename)%00%(upstream:remoteref) refs/heads/main refs/remotes/main [3ms]
2026-03-14 22:38:12.399 [info] > git for-each-ref --sort -committerdate --format %(refname)%00%(objectname)%00%(*objectname) [2ms]
2026-03-14 22:38:12.507 [info] > git status -z -uall [117ms]
2026-03-14 22:38:17.535 [info] > git config --get commit.template [5ms]
2026-03-14 22:38:17.536 [info] > git for-each-ref --format=%(refname)%00%(upstream:short)%00%(objectname)%00%(upstream:track)%00%(upstream:remotename)%00%(upstream:remoteref) refs/heads/main refs/remotes/main [2ms]
2026-03-14 22:38:17.548 [info] > git for-each-ref --sort -committerdate --format %(refname)%00%(objectname)%00%(*objectname) [2ms]
2026-03-14 22:38:17.619 [info] > git status -z -uall [79ms]
2026-03-14 22:38:33.077 [info] > git config --get commit.template [10ms]
2026-03-14 22:38:33.078 [info] > git for-each-ref --format=%(refname)%00%(upstream:short)%00%(objectname)%00%(upstream:track)%00%(upstream:remotename)%00%(upstream:remoteref) refs/heads/main refs/remotes/main [3ms]
2026-03-14 22:38:33.104 [info] > git for-each-ref --sort -committerdate --format %(refname)%00%(objectname)%00%(*objectname) [7ms]
2026-03-14 22:38:33.197 [info] > git status -z -uall [113ms]
2026-03-14 22:38:39.206 [info] > git config --get commit.template [11ms]
2026-03-14 22:38:39.208 [info] > git for-each-ref --format=%(refname)%00%(upstream:short)%00%(objectname)%00%(upstream:track)%00%(upstream:remotename)%00%(upstream:remoteref) refs/heads/main refs/remotes/main [4ms]
2026-03-14 22:38:39.224 [info] > git for-each-ref --sort -committerdate --format %(refname)%00%(objectname)%00%(*objectname) [2ms]
2026-03-14 22:38:39.326 [info] > git status -z -uall [111ms]
