2026-03-14 21:43:59.727 [info] Extension host with pid 1792 started
2026-03-14 21:43:59.873 [info] ExtensionService#_doActivateExtension vscode.github-authentication, startup: false, activationEvent: 'onAuthenticationRequest:github'
2026-03-14 21:43:59.933 [info] ExtensionService#_doActivateExtension vscode.emmet, startup: false, activationEvent: 'onLanguage'
2026-03-14 21:44:00.158 [info] ExtensionService#_doActivateExtension vscode.git-base, startup: true, activationEvent: '*', root cause: vscode.git
2026-03-14 21:44:00.221 [info] ExtensionService#_doActivateExtension vscode.git, startup: true, activationEvent: '*'
2026-03-14 21:44:00.312 [info] ExtensionService#_doActivateExtension vscode.github, startup: true, activationEvent: '*'
2026-03-14 21:44:00.546 [info] Eager extensions activated
2026-03-14 21:44:00.549 [info] ExtensionService#_doActivateExtension vscode.debug-auto-launch, startup: false, activationEvent: 'onStartupFinished'
2026-03-14 21:44:00.552 [info] ExtensionService#_doActivateExtension vscode.merge-conflict, startup: false, activationEvent: 'onStartupFinished'
2026-03-14 21:44:00.809 [warning] [Decorations] CAPPING events from decorations provider vscode.git 1727
2026-03-14 21:44:01.391 [warning] [Decorations] CAPPING events from decorations provider vscode.git 1727
2026-03-14 21:44:28.736 [warning] [Decorations] CAPPING events from decorations provider vscode.git 1781
2026-03-14 21:44:33.863 [warning] [Decorations] CAPPING events from decorations provider vscode.git 1620
2026-03-14 21:44:38.985 [warning] [Decorations] CAPPING events from decorations provider vscode.git 1619
2026-03-14 22:37:51.928 [warning] [Decorations] CAPPING events from decorations provider vscode.git 1619
2026-03-14 22:37:57.061 [warning] [Decorations] CAPPING events from decorations provider vscode.git 1620
2026-03-14 22:38:02.220 [warning] [Decorations] CAPPING events from decorations provider vscode.git 1625
2026-03-14 22:38:07.368 [warning] [Decorations] CAPPING events from decorations provider vscode.git 1622
2026-03-14 22:38:12.523 [warning] [Decorations] CAPPING events from decorations provider vscode.git 1620
2026-03-14 22:38:17.637 [warning] [Decorations] CAPPING events from decorations provider vscode.git 1620
2026-03-14 22:38:33.217 [warning] [Decorations] CAPPING events from decorations provider vscode.git 1621
2026-03-14 22:38:39.356 [warning] [Decorations] CAPPING events from decorations provider vscode.git 1622
2026-03-14 22:39:24.990 [info] Extension host terminating: renderer closed the MessagePort
