2026-03-14 23:39:12.549 [info] [main] Log level: Info
2026-03-14 23:39:12.549 [info] [main] Validating found git in: "git"
2026-03-14 23:39:12.549 [info] [main] Using git "2.53.0" from "git"
2026-03-14 23:39:12.549 [info] [Model][doInitialScan] Initial repository scan started
2026-03-14 23:39:12.549 [info] > git rev-parse --show-toplevel [67ms]
2026-03-14 23:39:12.549 [info] > git rev-parse --git-dir --git-common-dir --show-superproject-working-tree [14ms]
2026-03-14 23:39:12.616 [info] [Model][openRepository] Opened repository (path): /home/pedro/.config
2026-03-14 23:39:12.616 [info] [Model][openRepository] Opened repository (real path): /home/pedro/.config
2026-03-14 23:39:12.616 [info] [Model][openRepository] Opened repository (kind): repository
2026-03-14 23:39:12.622 [info] [Model][doInitialScan] Initial repository scan completed - repositories (1), closed repositories (0), parent repositories (0), unsafe repositories (0)
2026-03-14 23:39:12.647 [info] > git config --get commit.template [9ms]
2026-03-14 23:39:12.662 [info] > git for-each-ref --format=%(refname)%00%(upstream:short)%00%(objectname)%00%(upstream:track)%00%(upstream:remotename)%00%(upstream:remoteref) refs/heads/main refs/remotes/main [4ms]
2026-03-14 23:39:12.692 [info] > git for-each-ref --sort -committerdate --format %(refname)%00%(objectname)%00%(*objectname) [6ms]
2026-03-14 23:39:12.834 [info] > git status -z -uall [161ms]
2026-03-14 23:39:13.505 [info] > git for-each-ref --format=%(refname)%00%(upstream:short)%00%(objectname)%00%(upstream:track)%00%(upstream:remotename)%00%(upstream:remoteref) refs/heads/main refs/remotes/main [419ms]
2026-03-14 23:39:13.548 [info] > git check-ignore -v -z --stdin [20ms]
2026-03-14 23:39:13.551 [info] > git config --get --local branch.main.vscode-merge-base [33ms]
2026-03-14 23:39:13.551 [warning] [Git][config] git config failed: Failed to execute git
2026-03-14 23:39:13.559 [info] > git config --get commit.template [54ms]
2026-03-14 23:39:13.587 [info] > git reflog main --grep-reflog=branch: Created from *. [29ms]
