2026-03-14 23:46:02.040 [info] [main] Log level: Info
2026-03-14 23:46:02.040 [info] [main] Validating found git in: "git"
2026-03-14 23:46:02.040 [info] [main] Using git "2.53.0" from "git"
2026-03-14 23:46:02.040 [info] [Model][doInitialScan] Initial repository scan started
2026-03-14 23:46:02.040 [info] > git rev-parse --show-toplevel [28ms]
2026-03-14 23:46:02.040 [info] > git rev-parse --git-dir --git-common-dir --show-superproject-working-tree [53ms]
2026-03-14 23:46:02.113 [info] [Model][openRepository] Opened repository (path): /home/pedro/.config
2026-03-14 23:46:02.113 [info] [Model][openRepository] Opened repository (real path): /home/pedro/.config
2026-03-14 23:46:02.113 [info] [Model][openRepository] Opened repository (kind): repository
2026-03-14 23:46:02.120 [info] [Model][doInitialScan] Initial repository scan completed - repositories (1), closed repositories (0), parent repositories (0), unsafe repositories (0)
2026-03-14 23:46:02.169 [info] > git config --get commit.template [37ms]
2026-03-14 23:46:02.181 [info] > git for-each-ref --format=%(refname)%00%(upstream:short)%00%(objectname)%00%(upstream:track)%00%(upstream:remotename)%00%(upstream:remoteref) refs/heads/main refs/remotes/main [6ms]
2026-03-14 23:46:02.206 [info] > git for-each-ref --sort -committerdate --format %(refname)%00%(objectname)%00%(*objectname) [4ms]
2026-03-14 23:46:02.527 [info] > git status -z -uall [331ms]
2026-03-14 23:46:02.597 [info] > git for-each-ref --format=%(refname)%00%(upstream:short)%00%(objectname)%00%(upstream:track)%00%(upstream:remotename)%00%(upstream:remoteref) refs/heads/main refs/remotes/main [11ms]
2026-03-14 23:46:02.611 [info] > git config --get --local branch.main.vscode-merge-base [2ms]
2026-03-14 23:46:02.611 [warning] [Git][config] git config failed: Failed to execute git
2026-03-14 23:46:02.618 [info] > git config --get commit.template [21ms]
2026-03-14 23:46:02.626 [info] > git reflog main --grep-reflog=branch: Created from *. [9ms]
2026-03-14 23:46:02.691 [info] > git symbolic-ref --short refs/remotes/origin/HEAD [60ms]
2026-03-14 23:46:02.691 [info] fatal: ref refs/remotes/origin/HEAD is not a symbolic ref
2026-03-14 23:46:02.691 [warning] [Repository][getDefaultBranch] Failed to get default branch details: Failed to execute git.
2026-03-14 23:46:02.714 [info] > git merge-base refs/heads/main refs/remotes/origin/main [14ms]
2026-03-14 23:46:02.722 [info] > git for-each-ref --format=%(refname)%00%(upstream:short)%00%(objectname)%00%(upstream:track)%00%(upstream:remotename)%00%(upstream:remoteref) refs/heads/main refs/remotes/main [46ms]
2026-03-14 23:46:02.724 [info] > git check-ignore -v -z --stdin [15ms]
2026-03-14 23:46:02.726 [info] > git diff --raw --numstat --diff-filter=ADMR -z --find-renames=50% 4d389f53dcdc8efcb348df8e2af4d023c643b7bd...refs/remotes/origin/main -- [5ms]
2026-03-14 23:46:02.742 [info] > git for-each-ref --sort -committerdate --format %(refname)%00%(objectname)%00%(*objectname) [2ms]
2026-03-14 23:46:02.868 [info] > git status -z -uall [137ms]
2026-03-14 23:46:05.746 [info] > git config --get commit.template [18ms]
2026-03-14 23:46:05.750 [info] > git for-each-ref --format=%(refname)%00%(upstream:short)%00%(objectname)%00%(upstream:track)%00%(upstream:remotename)%00%(upstream:remoteref) refs/heads/main refs/remotes/main [6ms]
2026-03-14 23:46:05.798 [info] > git for-each-ref --sort -committerdate --format %(refname)%00%(objectname)%00%(*objectname) [11ms]
2026-03-14 23:46:05.928 [info] > git status -z -uall [163ms]
2026-03-14 23:46:11.775 [info] > git config --get commit.template [17ms]
2026-03-14 23:46:11.778 [info] > git for-each-ref --format=%(refname)%00%(upstream:short)%00%(objectname)%00%(upstream:track)%00%(upstream:remotename)%00%(upstream:remoteref) refs/heads/main refs/remotes/main [6ms]
2026-03-14 23:46:11.810 [info] > git for-each-ref --sort -committerdate --format %(refname)%00%(objectname)%00%(*objectname) [3ms]
2026-03-14 23:46:11.891 [info] > git status -z -uall [99ms]
