2026-03-14 22:40:06.752 [info] Extension host with pid 1647 started
2026-03-14 22:40:07.013 [info] ExtensionService#_doActivateExtension vscode.github-authentication, startup: false, activationEvent: 'onAuthenticationRequest:github'
2026-03-14 22:40:07.058 [info] ExtensionService#_doActivateExtension vscode.emmet, startup: false, activationEvent: 'onLanguage'
2026-03-14 22:40:07.252 [info] ExtensionService#_doActivateExtension vscode.git-base, startup: true, activationEvent: '*', root cause: vscode.git
2026-03-14 22:40:07.353 [info] ExtensionService#_doActivateExtension vscode.git, startup: true, activationEvent: '*'
2026-03-14 22:40:07.449 [info] ExtensionService#_doActivateExtension vscode.github, startup: true, activationEvent: '*'
2026-03-14 22:40:07.778 [info] Eager extensions activated
2026-03-14 22:40:07.786 [info] ExtensionService#_doActivateExtension vscode.debug-auto-launch, startup: false, activationEvent: 'onStartupFinished'
2026-03-14 22:40:07.789 [info] ExtensionService#_doActivateExtension vscode.merge-conflict, startup: false, activationEvent: 'onStartupFinished'
2026-03-14 22:40:08.028 [warning] [Decorations] CAPPING events from decorations provider vscode.git 1638
2026-03-14 22:40:09.254 [warning] [Decorations] CAPPING events from decorations provider vscode.git 1639
2026-03-14 22:40:48.815 [warning] [Decorations] CAPPING events from decorations provider vscode.git 1656
2026-03-14 22:40:54.011 [warning] [Decorations] CAPPING events from decorations provider vscode.git 1626
2026-03-14 22:41:12.665 [warning] [Decorations] CAPPING events from decorations provider vscode.git 1625
2026-03-14 22:43:18.602 [warning] [Decorations] CAPPING events from decorations provider vscode.git 1628
2026-03-14 22:43:23.843 [warning] [Decorations] CAPPING events from decorations provider vscode.git 1622
2026-03-14 22:43:29.093 [warning] [Decorations] CAPPING events from decorations provider vscode.git 1622
2026-03-14 22:43:34.230 [warning] [Decorations] CAPPING events from decorations provider vscode.git 1621
2026-03-14 22:43:39.456 [warning] [Decorations] CAPPING events from decorations provider vscode.git 1621
2026-03-14 22:43:44.622 [warning] [Decorations] CAPPING events from decorations provider vscode.git 1622
2026-03-14 22:43:49.826 [warning] [Decorations] CAPPING events from decorations provider vscode.git 1622
2026-03-14 22:43:55.039 [warning] [Decorations] CAPPING events from decorations provider vscode.git 1620
2026-03-14 22:44:00.217 [warning] [Decorations] CAPPING events from decorations provider vscode.git 1620
2026-03-14 22:44:05.379 [warning] [Decorations] CAPPING events from decorations provider vscode.git 1622
2026-03-14 22:44:10.585 [warning] [Decorations] CAPPING events from decorations provider vscode.git 1621
2026-03-14 22:44:15.785 [warning] [Decorations] CAPPING events from decorations provider vscode.git 1621
2026-03-14 22:44:20.932 [warning] [Decorations] CAPPING events from decorations provider vscode.git 1621
2026-03-14 22:44:26.087 [warning] [Decorations] CAPPING events from decorations provider vscode.git 1621
2026-03-14 22:44:31.259 [warning] [Decorations] CAPPING events from decorations provider vscode.git 1623
2026-03-14 22:44:40.345 [warning] [Decorations] CAPPING events from decorations provider vscode.git 1623
2026-03-14 22:44:45.501 [warning] [Decorations] CAPPING events from decorations provider vscode.git 1621
2026-03-14 22:44:50.715 [warning] [Decorations] CAPPING events from decorations provider vscode.git 1621
2026-03-14 22:44:55.827 [warning] [Decorations] CAPPING events from decorations provider vscode.git 1620
2026-03-14 22:45:01.017 [warning] [Decorations] CAPPING events from decorations provider vscode.git 1620
2026-03-14 22:45:06.165 [warning] [Decorations] CAPPING events from decorations provider vscode.git 1627
2026-03-14 22:45:11.374 [warning] [Decorations] CAPPING events from decorations provider vscode.git 1622
2026-03-14 22:45:16.539 [warning] [Decorations] CAPPING events from decorations provider vscode.git 1627
2026-03-14 22:45:21.696 [warning] [Decorations] CAPPING events from decorations provider vscode.git 1622
2026-03-14 22:45:26.906 [warning] [Decorations] CAPPING events from decorations provider vscode.git 1620
2026-03-14 22:45:32.126 [warning] [Decorations] CAPPING events from decorations provider vscode.git 1622
2026-03-14 22:45:37.261 [warning] [Decorations] CAPPING events from decorations provider vscode.git 1625
2026-03-14 22:45:42.476 [warning] [Decorations] CAPPING events from decorations provider vscode.git 1624
2026-03-14 22:45:47.632 [warning] [Decorations] CAPPING events from decorations provider vscode.git 1625
2026-03-14 22:45:52.747 [warning] [Decorations] CAPPING events from decorations provider vscode.git 1625
2026-03-14 22:45:57.954 [warning] [Decorations] CAPPING events from decorations provider vscode.git 1622
2026-03-14 22:46:03.165 [warning] [Decorations] CAPPING events from decorations provider vscode.git 1622
2026-03-14 22:46:10.472 [warning] [Decorations] CAPPING events from decorations provider vscode.git 1622
2026-03-14 22:46:15.621 [warning] [Decorations] CAPPING events from decorations provider vscode.git 1623
2026-03-14 22:47:15.829 [warning] [Decorations] CAPPING events from decorations provider vscode.git 1623
2026-03-14 22:47:21.052 [warning] [Decorations] CAPPING events from decorations provider vscode.git 1622
2026-03-14 22:47:33.779 [warning] [Decorations] CAPPING events from decorations provider vscode.git 1628
2026-03-14 22:47:38.910 [warning] [Decorations] CAPPING events from decorations provider vscode.git 1625
2026-03-14 22:47:44.062 [warning] [Decorations] CAPPING events from decorations provider vscode.git 1624
2026-03-14 22:47:49.231 [warning] [Decorations] CAPPING events from decorations provider vscode.git 1623
2026-03-14 22:48:28.834 [warning] [Decorations] CAPPING events from decorations provider vscode.git 1623
2026-03-14 22:48:33.963 [warning] [Decorations] CAPPING events from decorations provider vscode.git 1623
2026-03-14 22:48:39.124 [warning] [Decorations] CAPPING events from decorations provider vscode.git 1624
2026-03-14 22:48:44.259 [warning] [Decorations] CAPPING events from decorations provider vscode.git 1624
2026-03-14 22:48:49.400 [warning] [Decorations] CAPPING events from decorations provider vscode.git 1623
2026-03-14 22:48:54.547 [warning] [Decorations] CAPPING events from decorations provider vscode.git 1624
2026-03-14 22:48:59.686 [warning] [Decorations] CAPPING events from decorations provider vscode.git 1625
2026-03-14 22:49:04.838 [warning] [Decorations] CAPPING events from decorations provider vscode.git 1625
2026-03-14 22:49:10.016 [warning] [Decorations] CAPPING events from decorations provider vscode.git 1623
2026-03-14 22:49:15.131 [warning] [Decorations] CAPPING events from decorations provider vscode.git 1624
2026-03-14 22:49:20.300 [warning] [Decorations] CAPPING events from decorations provider vscode.git 1625
2026-03-14 22:49:26.273 [warning] [Decorations] CAPPING events from decorations provider vscode.git 1625
2026-03-14 22:49:27.526 [info] ExtensionService#_doActivateExtension vscode.configuration-editing, startup: false, activationEvent: 'onLanguage:jsonc'
2026-03-14 22:49:27.547 [info] ExtensionService#_doActivateExtension vscode.json-language-features, startup: false, activationEvent: 'onLanguage:jsonc'
2026-03-14 22:49:27.680 [info] ExtensionService#_doActivateExtension vscode.typescript-language-features, startup: false, activationEvent: 'onLanguage:jsonc'
2026-03-14 22:49:31.451 [warning] [Decorations] CAPPING events from decorations provider vscode.git 1624
2026-03-14 22:49:36.581 [warning] [Decorations] CAPPING events from decorations provider vscode.git 1624
2026-03-14 22:49:41.738 [warning] [Decorations] CAPPING events from decorations provider vscode.git 1625
2026-03-14 22:49:46.866 [warning] [Decorations] CAPPING events from decorations provider vscode.git 1625
2026-03-14 22:49:59.880 [warning] [Decorations] CAPPING events from decorations provider vscode.git 1626
2026-03-14 22:50:05.007 [warning] [Decorations] CAPPING events from decorations provider vscode.git 1626
2026-03-14 22:50:10.216 [warning] [Decorations] CAPPING events from decorations provider vscode.git 1625
2026-03-14 22:50:21.918 [warning] [Decorations] CAPPING events from decorations provider vscode.git 1625
2026-03-14 22:50:58.646 [warning] [Decorations] CAPPING events from decorations provider vscode.git 1635
2026-03-14 22:51:09.250 [warning] [Decorations] CAPPING events from decorations provider vscode.git 1635
2026-03-14 22:51:14.374 [warning] [Decorations] CAPPING events from decorations provider vscode.git 1629
2026-03-14 22:51:32.202 [warning] [Decorations] CAPPING events from decorations provider vscode.git 1629
2026-03-14 22:51:37.474 [warning] [Decorations] CAPPING events from decorations provider vscode.git 1635
2026-03-14 22:51:42.730 [warning] [Decorations] CAPPING events from decorations provider vscode.git 1629
2026-03-14 22:51:50.737 [warning] [Decorations] CAPPING events from decorations provider vscode.git 1629
2026-03-14 22:53:31.492 [warning] [Decorations] CAPPING events from decorations provider vscode.git 1629
2026-03-14 22:53:36.642 [warning] [Decorations] CAPPING events from decorations provider vscode.git 1631
2026-03-14 22:53:58.220 [warning] [Decorations] CAPPING events from decorations provider vscode.git 1632
2026-03-14 22:54:29.106 [warning] [Decorations] CAPPING events from decorations provider vscode.git 1629
2026-03-14 22:54:34.241 [warning] [Decorations] CAPPING events from decorations provider vscode.git 1629
2026-03-14 22:54:50.143 [warning] [Decorations] CAPPING events from decorations provider vscode.git 1628
2026-03-14 22:54:55.359 [warning] [Decorations] CAPPING events from decorations provider vscode.git 1628
2026-03-14 22:55:00.518 [warning] [Decorations] CAPPING events from decorations provider vscode.git 1629
2026-03-14 22:55:05.688 [warning] [Decorations] CAPPING events from decorations provider vscode.git 1629
2026-03-14 22:55:10.850 [warning] [Decorations] CAPPING events from decorations provider vscode.git 1632
2026-03-14 22:55:16.014 [warning] [Decorations] CAPPING events from decorations provider vscode.git 1630
2026-03-14 22:55:21.176 [warning] [Decorations] CAPPING events from decorations provider vscode.git 1629
2026-03-14 22:55:26.328 [warning] [Decorations] CAPPING events from decorations provider vscode.git 1629
2026-03-14 22:55:54.656 [warning] [Decorations] CAPPING events from decorations provider vscode.git 1632
2026-03-14 22:55:59.864 [warning] [Decorations] CAPPING events from decorations provider vscode.git 1631
2026-03-14 22:56:05.027 [warning] [Decorations] CAPPING events from decorations provider vscode.git 1631
2026-03-14 22:56:10.233 [warning] [Decorations] CAPPING events from decorations provider vscode.git 1631
2026-03-14 22:56:15.429 [warning] [Decorations] CAPPING events from decorations provider vscode.git 1632
2026-03-14 22:56:20.568 [warning] [Decorations] CAPPING events from decorations provider vscode.git 1632
2026-03-14 22:56:25.714 [warning] [Decorations] CAPPING events from decorations provider vscode.git 1632
2026-03-14 22:56:30.877 [warning] [Decorations] CAPPING events from decorations provider vscode.git 1632
2026-03-14 22:56:36.038 [warning] [Decorations] CAPPING events from decorations provider vscode.git 1631
2026-03-14 22:56:41.210 [warning] [Decorations] CAPPING events from decorations provider vscode.git 1631
2026-03-14 22:56:46.364 [warning] [Decorations] CAPPING events from decorations provider vscode.git 1632
2026-03-14 22:58:04.835 [warning] [Decorations] CAPPING events from decorations provider vscode.git 1632
2026-03-14 22:58:38.694 [warning] [Decorations] CAPPING events from decorations provider vscode.git 1630
2026-03-14 22:58:43.906 [warning] [Decorations] CAPPING events from decorations provider vscode.git 1630
2026-03-14 22:59:13.489 [warning] [Decorations] CAPPING events from decorations provider vscode.git 1632
2026-03-14 22:59:18.634 [warning] [Decorations] CAPPING events from decorations provider vscode.git 1631
2026-03-14 22:59:23.772 [warning] [Decorations] CAPPING events from decorations provider vscode.git 1631
2026-03-14 22:59:28.988 [warning] [Decorations] CAPPING events from decorations provider vscode.git 1631
2026-03-14 22:59:34.200 [warning] [Decorations] CAPPING events from decorations provider vscode.git 1631
2026-03-14 22:59:39.352 [warning] [Decorations] CAPPING events from decorations provider vscode.git 1631
2026-03-14 22:59:44.497 [warning] [Decorations] CAPPING events from decorations provider vscode.git 1631
2026-03-14 22:59:49.683 [warning] [Decorations] CAPPING events from decorations provider vscode.git 1631
2026-03-14 22:59:54.848 [warning] [Decorations] CAPPING events from decorations provider vscode.git 1631
2026-03-14 23:00:00.029 [warning] [Decorations] CAPPING events from decorations provider vscode.git 1631
2026-03-14 23:00:05.184 [warning] [Decorations] CAPPING events from decorations provider vscode.git 1631
2026-03-14 23:00:10.400 [warning] [Decorations] CAPPING events from decorations provider vscode.git 1631
2026-03-14 23:00:15.621 [warning] [Decorations] CAPPING events from decorations provider vscode.git 1631
2026-03-14 23:00:20.837 [warning] [Decorations] CAPPING events from decorations provider vscode.git 1632
2026-03-14 23:00:25.981 [warning] [Decorations] CAPPING events from decorations provider vscode.git 1632
2026-03-14 23:00:31.136 [warning] [Decorations] CAPPING events from decorations provider vscode.git 1633
2026-03-14 23:00:36.342 [warning] [Decorations] CAPPING events from decorations provider vscode.git 1634
2026-03-14 23:00:41.516 [warning] [Decorations] CAPPING events from decorations provider vscode.git 1634
2026-03-14 23:00:46.657 [warning] [Decorations] CAPPING events from decorations provider vscode.git 1633
2026-03-14 23:00:51.773 [warning] [Decorations] CAPPING events from decorations provider vscode.git 1633
2026-03-14 23:00:56.923 [warning] [Decorations] CAPPING events from decorations provider vscode.git 1632
2026-03-14 23:01:02.078 [warning] [Decorations] CAPPING events from decorations provider vscode.git 1630
2026-03-14 23:01:07.211 [warning] [Decorations] CAPPING events from decorations provider vscode.git 1630
2026-03-14 23:01:09.300 [info] ExtensionService#_doActivateExtension vscode.css-language-features, startup: false, activationEvent: 'onLanguage:css'
2026-03-14 23:01:12.362 [warning] [Decorations] CAPPING events from decorations provider vscode.git 1631
2026-03-14 23:01:17.530 [warning] [Decorations] CAPPING events from decorations provider vscode.git 1631
2026-03-14 23:01:22.743 [warning] [Decorations] CAPPING events from decorations provider vscode.git 1631
2026-03-14 23:01:27.875 [warning] [Decorations] CAPPING events from decorations provider vscode.git 1632
2026-03-14 23:01:33.084 [warning] [Decorations] CAPPING events from decorations provider vscode.git 1632
2026-03-14 23:01:38.314 [warning] [Decorations] CAPPING events from decorations provider vscode.git 1632
2026-03-14 23:01:45.800 [warning] [Decorations] CAPPING events from decorations provider vscode.git 1632
2026-03-14 23:01:51.006 [warning] [Decorations] CAPPING events from decorations provider vscode.git 1633
2026-03-14 23:01:56.141 [warning] [Decorations] CAPPING events from decorations provider vscode.git 1633
2026-03-14 23:02:01.282 [warning] [Decorations] CAPPING events from decorations provider vscode.git 1633
2026-03-14 23:02:06.429 [warning] [Decorations] CAPPING events from decorations provider vscode.git 1633
2026-03-14 23:02:11.705 [warning] [Decorations] CAPPING events from decorations provider vscode.git 1634
2026-03-14 23:02:22.057 [warning] [Decorations] CAPPING events from decorations provider vscode.git 1634
2026-03-14 23:02:27.214 [warning] [Decorations] CAPPING events from decorations provider vscode.git 1634
2026-03-14 23:02:42.052 [warning] [Decorations] CAPPING events from decorations provider vscode.git 1634
2026-03-14 23:03:11.290 [warning] [Decorations] CAPPING events from decorations provider vscode.git 1632
2026-03-14 23:03:16.451 [warning] [Decorations] CAPPING events from decorations provider vscode.git 1632
2026-03-14 23:03:23.667 [warning] [Decorations] CAPPING events from decorations provider vscode.git 1634
2026-03-14 23:03:28.826 [warning] [Decorations] CAPPING events from decorations provider vscode.git 1633
2026-03-14 23:03:33.936 [warning] [Decorations] CAPPING events from decorations provider vscode.git 1636
2026-03-14 23:03:39.086 [warning] [Decorations] CAPPING events from decorations provider vscode.git 1635
2026-03-14 23:03:44.241 [warning] [Decorations] CAPPING events from decorations provider vscode.git 1634
2026-03-14 23:03:49.436 [warning] [Decorations] CAPPING events from decorations provider vscode.git 1634
2026-03-14 23:03:54.548 [warning] [Decorations] CAPPING events from decorations provider vscode.git 1634
2026-03-14 23:03:59.703 [warning] [Decorations] CAPPING events from decorations provider vscode.git 1635
2026-03-14 23:04:04.868 [warning] [Decorations] CAPPING events from decorations provider vscode.git 1635
2026-03-14 23:04:10.070 [warning] [Decorations] CAPPING events from decorations provider vscode.git 1635
2026-03-14 23:04:15.273 [warning] [Decorations] CAPPING events from decorations provider vscode.git 1636
2026-03-14 23:04:20.415 [warning] [Decorations] CAPPING events from decorations provider vscode.git 1637
2026-03-14 23:04:25.561 [warning] [Decorations] CAPPING events from decorations provider vscode.git 1635
2026-03-14 23:04:30.714 [warning] [Decorations] CAPPING events from decorations provider vscode.git 1635
2026-03-14 23:04:35.860 [warning] [Decorations] CAPPING events from decorations provider vscode.git 1636
2026-03-14 23:04:41.014 [warning] [Decorations] CAPPING events from decorations provider vscode.git 1636
2026-03-14 23:04:46.189 [warning] [Decorations] CAPPING events from decorations provider vscode.git 1636
2026-03-14 23:04:51.365 [warning] [Decorations] CAPPING events from decorations provider vscode.git 1637
2026-03-14 23:04:56.526 [warning] [Decorations] CAPPING events from decorations provider vscode.git 1637
2026-03-14 23:05:01.730 [warning] [Decorations] CAPPING events from decorations provider vscode.git 1637
2026-03-14 23:05:06.876 [warning] [Decorations] CAPPING events from decorations provider vscode.git 1637
2026-03-14 23:05:12.024 [warning] [Decorations] CAPPING events from decorations provider vscode.git 1639
2026-03-14 23:06:38.742 [warning] [Decorations] CAPPING events from decorations provider vscode.git 1640
2026-03-14 23:07:00.057 [warning] [Decorations] CAPPING events from decorations provider vscode.git 1631
2026-03-14 23:07:05.201 [warning] [Decorations] CAPPING events from decorations provider vscode.git 1630
2026-03-14 23:07:10.376 [warning] [Decorations] CAPPING events from decorations provider vscode.git 1631
2026-03-14 23:07:20.691 [warning] [Decorations] CAPPING events from decorations provider vscode.git 1630
2026-03-14 23:07:25.876 [warning] [Decorations] CAPPING events from decorations provider vscode.git 1630
2026-03-14 23:07:31.092 [warning] [Decorations] CAPPING events from decorations provider vscode.git 1630
2026-03-14 23:07:36.251 [warning] [Decorations] CAPPING events from decorations provider vscode.git 1631
2026-03-14 23:07:41.412 [warning] [Decorations] CAPPING events from decorations provider vscode.git 1633
2026-03-14 23:07:46.602 [warning] [Decorations] CAPPING events from decorations provider vscode.git 1631
2026-03-14 23:07:51.721 [warning] [Decorations] CAPPING events from decorations provider vscode.git 1631
2026-03-14 23:07:56.877 [warning] [Decorations] CAPPING events from decorations provider vscode.git 1631
2026-03-14 23:09:51.678 [warning] [Decorations] CAPPING events from decorations provider vscode.git 1632
2026-03-14 23:10:53.584 [warning] [Decorations] CAPPING events from decorations provider vscode.git 1633
2026-03-14 23:10:58.733 [warning] [Decorations] CAPPING events from decorations provider vscode.git 1631
2026-03-14 23:11:07.931 [warning] [Decorations] CAPPING events from decorations provider vscode.git 1632
2026-03-14 23:11:49.194 [warning] [Decorations] CAPPING events from decorations provider vscode.git 1630
2026-03-14 23:11:54.346 [warning] [Decorations] CAPPING events from decorations provider vscode.git 1630
2026-03-14 23:11:59.512 [warning] [Decorations] CAPPING events from decorations provider vscode.git 1630
2026-03-14 23:12:04.668 [warning] [Decorations] CAPPING events from decorations provider vscode.git 1630
2026-03-14 23:12:09.887 [warning] [Decorations] CAPPING events from decorations provider vscode.git 1630
2026-03-14 23:12:15.036 [warning] [Decorations] CAPPING events from decorations provider vscode.git 1632
2026-03-14 23:12:20.197 [warning] [Decorations] CAPPING events from decorations provider vscode.git 1632
2026-03-14 23:12:25.405 [warning] [Decorations] CAPPING events from decorations provider vscode.git 1631
2026-03-14 23:12:30.552 [warning] [Decorations] CAPPING events from decorations provider vscode.git 1631
2026-03-14 23:12:35.727 [warning] [Decorations] CAPPING events from decorations provider vscode.git 1631
2026-03-14 23:12:40.905 [warning] [Decorations] CAPPING events from decorations provider vscode.git 1631
2026-03-14 23:12:46.041 [warning] [Decorations] CAPPING events from decorations provider vscode.git 1631
2026-03-14 23:12:51.204 [warning] [Decorations] CAPPING events from decorations provider vscode.git 1631
2026-03-14 23:12:56.386 [warning] [Decorations] CAPPING events from decorations provider vscode.git 1632
2026-03-14 23:13:01.535 [warning] [Decorations] CAPPING events from decorations provider vscode.git 1632
2026-03-14 23:13:10.007 [warning] [Decorations] CAPPING events from decorations provider vscode.git 1632
2026-03-14 23:13:15.155 [warning] [Decorations] CAPPING events from decorations provider vscode.git 1632
2026-03-14 23:15:22.032 [warning] [Decorations] CAPPING events from decorations provider vscode.git 1641
2026-03-14 23:15:27.196 [warning] [Decorations] CAPPING events from decorations provider vscode.git 1637
2026-03-14 23:15:35.765 [warning] [Decorations] CAPPING events from decorations provider vscode.git 1636
2026-03-14 23:15:40.956 [warning] [Decorations] CAPPING events from decorations provider vscode.git 1635
2026-03-14 23:15:46.096 [warning] [Decorations] CAPPING events from decorations provider vscode.git 1633
2026-03-14 23:15:51.250 [warning] [Decorations] CAPPING events from decorations provider vscode.git 1633
2026-03-14 23:15:56.463 [warning] [Decorations] CAPPING events from decorations provider vscode.git 1633
2026-03-14 23:16:01.656 [warning] [Decorations] CAPPING events from decorations provider vscode.git 1633
2026-03-14 23:16:06.799 [warning] [Decorations] CAPPING events from decorations provider vscode.git 1631
2026-03-14 23:16:11.998 [warning] [Decorations] CAPPING events from decorations provider vscode.git 1630
2026-03-14 23:16:17.184 [warning] [Decorations] CAPPING events from decorations provider vscode.git 1630
2026-03-14 23:16:22.322 [warning] [Decorations] CAPPING events from decorations provider vscode.git 1630
2026-03-14 23:16:27.451 [warning] [Decorations] CAPPING events from decorations provider vscode.git 1630
2026-03-14 23:16:32.609 [warning] [Decorations] CAPPING events from decorations provider vscode.git 1630
2026-03-14 23:16:37.740 [warning] [Decorations] CAPPING events from decorations provider vscode.git 1631
2026-03-14 23:16:42.853 [warning] [Decorations] CAPPING events from decorations provider vscode.git 1631
2026-03-14 23:16:48.046 [warning] [Decorations] CAPPING events from decorations provider vscode.git 1631
2026-03-14 23:16:59.384 [warning] [Decorations] CAPPING events from decorations provider vscode.git 1633
2026-03-14 23:17:04.496 [warning] [Decorations] CAPPING events from decorations provider vscode.git 1631
2026-03-14 23:17:09.630 [warning] [Decorations] CAPPING events from decorations provider vscode.git 1631
2026-03-14 23:17:14.789 [warning] [Decorations] CAPPING events from decorations provider vscode.git 1632
2026-03-14 23:17:19.947 [warning] [Decorations] CAPPING events from decorations provider vscode.git 1633
2026-03-14 23:17:25.095 [warning] [Decorations] CAPPING events from decorations provider vscode.git 1633
2026-03-14 23:17:30.239 [warning] [Decorations] CAPPING events from decorations provider vscode.git 1633
2026-03-14 23:17:35.402 [warning] [Decorations] CAPPING events from decorations provider vscode.git 1633
2026-03-14 23:17:40.557 [warning] [Decorations] CAPPING events from decorations provider vscode.git 1634
2026-03-14 23:17:45.742 [warning] [Decorations] CAPPING events from decorations provider vscode.git 1634
2026-03-14 23:17:50.995 [warning] [Decorations] CAPPING events from decorations provider vscode.git 1633
2026-03-14 23:17:56.124 [warning] [Decorations] CAPPING events from decorations provider vscode.git 1633
2026-03-14 23:18:01.253 [warning] [Decorations] CAPPING events from decorations provider vscode.git 1632
2026-03-14 23:18:06.556 [warning] [Decorations] CAPPING events from decorations provider vscode.git 1633
2026-03-14 23:18:11.718 [warning] [Decorations] CAPPING events from decorations provider vscode.git 1634
2026-03-14 23:18:16.909 [warning] [Decorations] CAPPING events from decorations provider vscode.git 1632
2026-03-14 23:18:22.064 [warning] [Decorations] CAPPING events from decorations provider vscode.git 1632
2026-03-14 23:18:27.201 [warning] [Decorations] CAPPING events from decorations provider vscode.git 1632
2026-03-14 23:18:32.348 [warning] [Decorations] CAPPING events from decorations provider vscode.git 1632
2026-03-14 23:18:37.551 [warning] [Decorations] CAPPING events from decorations provider vscode.git 1633
2026-03-14 23:18:42.707 [warning] [Decorations] CAPPING events from decorations provider vscode.git 1632
2026-03-14 23:18:47.935 [warning] [Decorations] CAPPING events from decorations provider vscode.git 1632
2026-03-14 23:18:53.087 [warning] [Decorations] CAPPING events from decorations provider vscode.git 1632
2026-03-14 23:18:58.309 [warning] [Decorations] CAPPING events from decorations provider vscode.git 1632
2026-03-14 23:19:16.313 [warning] [Decorations] CAPPING events from decorations provider vscode.git 1636
2026-03-14 23:19:21.487 [warning] [Decorations] CAPPING events from decorations provider vscode.git 1636
2026-03-14 23:19:26.642 [warning] [Decorations] CAPPING events from decorations provider vscode.git 1632
2026-03-14 23:19:31.798 [warning] [Decorations] CAPPING events from decorations provider vscode.git 1633
2026-03-14 23:19:37.033 [warning] [Decorations] CAPPING events from decorations provider vscode.git 1633
2026-03-14 23:19:42.250 [warning] [Decorations] CAPPING events from decorations provider vscode.git 1633
2026-03-14 23:19:47.382 [warning] [Decorations] CAPPING events from decorations provider vscode.git 1633
2026-03-14 23:19:52.535 [warning] [Decorations] CAPPING events from decorations provider vscode.git 1633
2026-03-14 23:19:57.667 [warning] [Decorations] CAPPING events from decorations provider vscode.git 1633
2026-03-14 23:20:12.742 [warning] [Decorations] CAPPING events from decorations provider vscode.git 1635
2026-03-14 23:20:17.884 [warning] [Decorations] CAPPING events from decorations provider vscode.git 1634
2026-03-14 23:20:23.023 [warning] [Decorations] CAPPING events from decorations provider vscode.git 1634
2026-03-14 23:20:28.167 [warning] [Decorations] CAPPING events from decorations provider vscode.git 1634
2026-03-14 23:20:33.311 [warning] [Decorations] CAPPING events from decorations provider vscode.git 1634
2026-03-14 23:20:38.453 [warning] [Decorations] CAPPING events from decorations provider vscode.git 1634
2026-03-14 23:20:43.626 [warning] [Decorations] CAPPING events from decorations provider vscode.git 1634
2026-03-14 23:20:48.789 [warning] [Decorations] CAPPING events from decorations provider vscode.git 1634
2026-03-14 23:20:53.936 [warning] [Decorations] CAPPING events from decorations provider vscode.git 1630
2026-03-14 23:21:00.075 [warning] [Decorations] CAPPING events from decorations provider vscode.git 1631
2026-03-14 23:21:05.221 [warning] [Decorations] CAPPING events from decorations provider vscode.git 1629
2026-03-14 23:21:10.365 [warning] [Decorations] CAPPING events from decorations provider vscode.git 1630
2026-03-14 23:21:15.517 [warning] [Decorations] CAPPING events from decorations provider vscode.git 1629
2026-03-14 23:21:20.764 [warning] [Decorations] CAPPING events from decorations provider vscode.git 1629
2026-03-14 23:21:25.955 [warning] [Decorations] CAPPING events from decorations provider vscode.git 1629
2026-03-14 23:21:31.158 [warning] [Decorations] CAPPING events from decorations provider vscode.git 1629
2026-03-14 23:21:36.383 [warning] [Decorations] CAPPING events from decorations provider vscode.git 1629
2026-03-14 23:21:41.587 [warning] [Decorations] CAPPING events from decorations provider vscode.git 1630
2026-03-14 23:27:13.926 [warning] [Decorations] CAPPING events from decorations provider vscode.git 1653
2026-03-14 23:27:21.800 [warning] [Decorations] CAPPING events from decorations provider vscode.git 1643
2026-03-14 23:27:56.134 [warning] [Decorations] CAPPING events from decorations provider vscode.git 1634
2026-03-14 23:28:13.324 [warning] [Decorations] CAPPING events from decorations provider vscode.git 1639
2026-03-14 23:28:22.752 [warning] [Decorations] CAPPING events from decorations provider vscode.git 1637
2026-03-14 23:29:26.104 [warning] [Decorations] CAPPING events from decorations provider vscode.git 1656
2026-03-14 23:29:31.271 [warning] [Decorations] CAPPING events from decorations provider vscode.git 1631
2026-03-14 23:31:56.972 [warning] [Decorations] CAPPING events from decorations provider vscode.git 1642
2026-03-14 23:32:02.152 [warning] [Decorations] CAPPING events from decorations provider vscode.git 1636
2026-03-14 23:32:07.359 [warning] [Decorations] CAPPING events from decorations provider vscode.git 1636
2026-03-14 23:32:12.586 [warning] [Decorations] CAPPING events from decorations provider vscode.git 1639
2026-03-14 23:32:17.773 [warning] [Decorations] CAPPING events from decorations provider vscode.git 1640
2026-03-14 23:33:41.790 [warning] [Decorations] CAPPING events from decorations provider vscode.git 1638
2026-03-14 23:33:47.031 [warning] [Decorations] CAPPING events from decorations provider vscode.git 1638
2026-03-14 23:33:52.196 [warning] [Decorations] CAPPING events from decorations provider vscode.git 1640
2026-03-14 23:36:40.289 [warning] [Decorations] CAPPING events from decorations provider vscode.git 1645
2026-03-14 23:37:09.531 [warning] [Decorations] CAPPING events from decorations provider vscode.git 1640
2026-03-14 23:38:57.841 [warning] [Decorations] CAPPING events from decorations provider vscode.git 1640
2026-03-14 23:38:59.637 [info] Extension host terminating: renderer closed the MessagePort
2026-03-14 23:38:59.751 [info] Extension host with pid 1647 exiting with code 0
