2026-03-15 22:43:48.379 [info] Extension host with pid 7700 started
2026-03-15 22:43:48.662 [info] ExtensionService#_doActivateExtension vscode.github-authentication, startup: false, activationEvent: 'onAuthenticationRequest:github'
2026-03-15 22:43:48.702 [info] ExtensionService#_doActivateExtension vscode.emmet, startup: false, activationEvent: 'onLanguage'
2026-03-15 22:43:48.722 [info] ExtensionService#_doActivateExtension vscode.configuration-editing, startup: false, activationEvent: 'onLanguage:jsonc'
2026-03-15 22:43:48.732 [info] ExtensionService#_doActivateExtension vscode.json-language-features, startup: false, activationEvent: 'onLanguage:jsonc'
2026-03-15 22:43:48.851 [info] ExtensionService#_doActivateExtension vscode.typescript-language-features, startup: false, activationEvent: 'onLanguage:jsonc'
2026-03-15 22:43:49.477 [info] ExtensionService#_doActivateExtension vscode.git-base, startup: true, activationEvent: '*', root cause: vscode.git
2026-03-15 22:43:49.494 [info] ExtensionService#_doActivateExtension vscode.git, startup: true, activationEvent: '*'
2026-03-15 22:43:49.557 [info] ExtensionService#_doActivateExtension vscode.github, startup: true, activationEvent: '*'
2026-03-15 22:43:49.970 [info] Eager extensions activated
2026-03-15 22:43:49.996 [info] ExtensionService#_doActivateExtension vscode.debug-auto-launch, startup: false, activationEvent: 'onStartupFinished'
2026-03-15 22:43:50.000 [info] ExtensionService#_doActivateExtension vscode.merge-conflict, startup: false, activationEvent: 'onStartupFinished'
2026-03-15 22:43:50.427 [warning] [Decorations] CAPPING events from decorations provider vscode.git 554
2026-03-15 22:43:50.661 [warning] [Decorations] CAPPING events from decorations provider vscode.git 554
2026-03-15 22:44:13.272 [warning] [Decorations] CAPPING events from decorations provider vscode.git 555
2026-03-15 22:44:18.442 [warning] [Decorations] CAPPING events from decorations provider vscode.git 555
2026-03-15 22:44:23.660 [warning] [Decorations] CAPPING events from decorations provider vscode.git 557
2026-03-15 22:44:34.074 [warning] [Decorations] CAPPING events from decorations provider vscode.git 557
2026-03-15 22:46:01.653 [warning] [Decorations] CAPPING events from decorations provider vscode.git 599
2026-03-15 22:46:06.767 [warning] [Decorations] CAPPING events from decorations provider vscode.git 581
2026-03-15 22:46:12.504 [warning] [Decorations] CAPPING events from decorations provider vscode.git 581
